{"/home/travis/build/npmtest/node-npmtest-history/test.js":{"path":"/home/travis/build/npmtest/node-npmtest-history/test.js","s":{"1":2,"2":2,"3":2,"4":2,"5":2,"6":2,"7":2,"8":1,"9":2,"10":2,"11":1,"12":1,"13":1,"14":1,"15":2,"16":2,"17":2,"18":2,"19":1,"20":1,"21":2,"22":2,"23":2,"24":1,"25":1,"26":1,"27":1,"28":1,"29":1,"30":1,"31":1,"32":1,"33":1,"34":1,"35":1,"36":2,"37":2,"38":1,"39":2,"40":2,"41":1,"42":2,"43":2,"44":1,"45":1,"46":1,"47":1,"48":1},"b":{"1":[2,1,1,1],"2":[1,1,1,1],"3":[1,1],"4":[1,1],"5":[1,1],"6":[1,1],"7":[1,1],"8":[1,1],"9":[1,1,1],"10":[1,1],"11":[1,1],"12":[1,1],"13":[1,1],"14":[1,1],"15":[1,1]},"f":{"1":2,"2":2,"3":2,"4":2,"5":2,"6":1,"7":1,"8":2,"9":2,"10":2,"11":1},"fnMap":{"1":{"name":"(anonymous_1)","line":12,"loc":{"start":{"line":12,"column":1},"end":{"line":12,"column":13}}},"2":{"name":"(anonymous_2)","line":19,"loc":{"start":{"line":19,"column":5},"end":{"line":19,"column":17}}},"3":{"name":"(anonymous_3)","line":23,"loc":{"start":{"line":23,"column":24},"end":{"line":23,"column":36}}},"4":{"name":"(anonymous_4)","line":61,"loc":{"start":{"line":61,"column":5},"end":{"line":61,"column":17}}},"5":{"name":"(anonymous_5)","line":82,"loc":{"start":{"line":82,"column":5},"end":{"line":82,"column":17}}},"6":{"name":"(anonymous_6)","line":102,"loc":{"start":{"line":102,"column":83},"end":{"line":105,"column":10}},"skip":true},"7":{"name":"(anonymous_7)","line":113,"loc":{"start":{"line":113,"column":77},"end":{"line":116,"column":10}},"skip":true},"8":{"name":"(anonymous_8)","line":127,"loc":{"start":{"line":127,"column":77},"end":{"line":130,"column":10}},"skip":true},"9":{"name":"(anonymous_9)","line":138,"loc":{"start":{"line":138,"column":83},"end":{"line":141,"column":10}},"skip":true},"10":{"name":"(anonymous_10)","line":149,"loc":{"start":{"line":149,"column":79},"end":{"line":152,"column":10}},"skip":true},"11":{"name":"(anonymous_11)","line":160,"loc":{"start":{"line":160,"column":75},"end":{"line":163,"column":10}},"skip":true}},"statementMap":{"1":{"start":{"line":12,"column":0},"end":{"line":175,"column":5}},"2":{"start":{"line":14,"column":4},"end":{"line":14,"column":14}},"3":{"start":{"line":19,"column":4},"end":{"line":56,"column":9}},"4":{"start":{"line":21,"column":8},"end":{"line":21,"column":19}},"5":{"start":{"line":23,"column":8},"end":{"line":35,"column":13}},"6":{"start":{"line":24,"column":12},"end":{"line":34,"column":13}},"7":{"start":{"line":25,"column":16},"end":{"line":28,"column":30}},"8":{"start":{"line":30,"column":16},"end":{"line":33,"column":27}},"9":{"start":{"line":37,"column":8},"end":{"line":39,"column":21}},"10":{"start":{"line":40,"column":8},"end":{"line":53,"column":9}},"11":{"start":{"line":43,"column":12},"end":{"line":46,"column":14}},"12":{"start":{"line":47,"column":12},"end":{"line":47,"column":18}},"13":{"start":{"line":50,"column":12},"end":{"line":51,"column":46}},"14":{"start":{"line":52,"column":12},"end":{"line":52,"column":18}},"15":{"start":{"line":55,"column":8},"end":{"line":55,"column":35}},"16":{"start":{"line":61,"column":4},"end":{"line":63,"column":9}},"17":{"start":{"line":62,"column":8},"end":{"line":62,"column":15}},"18":{"start":{"line":64,"column":4},"end":{"line":77,"column":5}},"19":{"start":{"line":70,"column":8},"end":{"line":70,"column":14}},"20":{"start":{"line":76,"column":8},"end":{"line":76,"column":14}},"21":{"start":{"line":82,"column":4},"end":{"line":84,"column":9}},"22":{"start":{"line":83,"column":8},"end":{"line":83,"column":15}},"23":{"start":{"line":85,"column":4},"end":{"line":174,"column":5}},"24":{"start":{"line":92,"column":8},"end":{"line":94,"column":63}},"25":{"start":{"line":95,"column":8},"end":{"line":95,"column":14}},"26":{"start":{"line":102,"column":8},"end":{"line":111,"column":10},"skip":true},"27":{"start":{"line":109,"column":12},"end":{"line":109,"column":55},"skip":true},"28":{"start":{"line":110,"column":12},"end":{"line":110,"column":48},"skip":true},"29":{"start":{"line":113,"column":8},"end":{"line":125,"column":10},"skip":true},"30":{"start":{"line":120,"column":12},"end":{"line":120,"column":76},"skip":true},"31":{"start":{"line":121,"column":12},"end":{"line":121,"column":73},"skip":true},"32":{"start":{"line":122,"column":12},"end":{"line":122,"column":74},"skip":true},"33":{"start":{"line":123,"column":12},"end":{"line":123,"column":25},"skip":true},"34":{"start":{"line":124,"column":12},"end":{"line":124,"column":45},"skip":true},"35":{"start":{"line":127,"column":8},"end":{"line":136,"column":10},"skip":true},"36":{"start":{"line":134,"column":12},"end":{"line":134,"column":25},"skip":true},"37":{"start":{"line":135,"column":12},"end":{"line":135,"column":45},"skip":true},"38":{"start":{"line":138,"column":8},"end":{"line":147,"column":10},"skip":true},"39":{"start":{"line":145,"column":12},"end":{"line":145,"column":25},"skip":true},"40":{"start":{"line":146,"column":12},"end":{"line":146,"column":48},"skip":true},"41":{"start":{"line":149,"column":8},"end":{"line":158,"column":10},"skip":true},"42":{"start":{"line":156,"column":12},"end":{"line":156,"column":25},"skip":true},"43":{"start":{"line":157,"column":12},"end":{"line":157,"column":46},"skip":true},"44":{"start":{"line":160,"column":8},"end":{"line":169,"column":10},"skip":true},"45":{"start":{"line":167,"column":12},"end":{"line":167,"column":94},"skip":true},"46":{"start":{"line":168,"column":12},"end":{"line":168,"column":48},"skip":true},"47":{"start":{"line":172,"column":8},"end":{"line":172,"column":35},"skip":true},"48":{"start":{"line":173,"column":8},"end":{"line":173,"column":14},"skip":true}},"branchMap":{"1":{"line":25,"type":"binary-expr","locations":[{"start":{"line":25,"column":23},"end":{"line":25,"column":62}},{"start":{"line":26,"column":20},"end":{"line":26,"column":70}},{"start":{"line":27,"column":20},"end":{"line":27,"column":71}},{"start":{"line":28,"column":20},"end":{"line":28,"column":29}}]},"2":{"line":30,"type":"binary-expr","locations":[{"start":{"line":30,"column":23},"end":{"line":30,"column":37}},{"start":{"line":31,"column":20},"end":{"line":31,"column":61}},{"start":{"line":32,"column":20},"end":{"line":32,"column":70}},{"start":{"line":33,"column":20},"end":{"line":33,"column":26}}]},"3":{"line":37,"type":"cond-expr","locations":[{"start":{"line":38,"column":14},"end":{"line":38,"column":20}},{"start":{"line":39,"column":14},"end":{"line":39,"column":20}}]},"4":{"line":40,"type":"switch","locations":[{"start":{"line":42,"column":8},"end":{"line":47,"column":18}},{"start":{"line":49,"column":8},"end":{"line":52,"column":18}}]},"5":{"line":44,"type":"binary-expr","locations":[{"start":{"line":44,"column":16},"end":{"line":44,"column":44}},{"start":{"line":44,"column":48},"end":{"line":44,"column":66}}]},"6":{"line":50,"type":"binary-expr","locations":[{"start":{"line":50,"column":21},"end":{"line":50,"column":49}},{"start":{"line":50,"column":53},"end":{"line":50,"column":72}}]},"7":{"line":64,"type":"switch","locations":[{"start":{"line":69,"column":4},"end":{"line":70,"column":14}},{"start":{"line":75,"column":4},"end":{"line":76,"column":14}}]},"8":{"line":85,"type":"switch","locations":[{"start":{"line":90,"column":4},"end":{"line":95,"column":14}},{"start":{"line":101,"column":4},"end":{"line":173,"column":14},"skip":true}]},"9":{"line":92,"type":"binary-expr","locations":[{"start":{"line":92,"column":18},"end":{"line":92,"column":32}},{"start":{"line":93,"column":12},"end":{"line":93,"column":53}},{"start":{"line":94,"column":12},"end":{"line":94,"column":61}}]},"10":{"line":102,"type":"binary-expr","locations":[{"start":{"line":102,"column":45},"end":{"line":102,"column":79},"skip":true},{"start":{"line":102,"column":83},"end":{"line":111,"column":9},"skip":true}]},"11":{"line":113,"type":"binary-expr","locations":[{"start":{"line":113,"column":42},"end":{"line":113,"column":73},"skip":true},{"start":{"line":113,"column":77},"end":{"line":125,"column":9},"skip":true}]},"12":{"line":127,"type":"binary-expr","locations":[{"start":{"line":127,"column":42},"end":{"line":127,"column":73},"skip":true},{"start":{"line":127,"column":77},"end":{"line":136,"column":9},"skip":true}]},"13":{"line":138,"type":"binary-expr","locations":[{"start":{"line":138,"column":45},"end":{"line":138,"column":79},"skip":true},{"start":{"line":138,"column":83},"end":{"line":147,"column":9},"skip":true}]},"14":{"line":149,"type":"binary-expr","locations":[{"start":{"line":149,"column":43},"end":{"line":149,"column":75},"skip":true},{"start":{"line":149,"column":79},"end":{"line":158,"column":9},"skip":true}]},"15":{"line":160,"type":"binary-expr","locations":[{"start":{"line":160,"column":41},"end":{"line":160,"column":71},"skip":true},{"start":{"line":160,"column":75},"end":{"line":169,"column":9},"skip":true}]}},"code":["/* istanbul instrument in package npmtest_history */","/*jslint","    bitwise: true,","    browser: true,","    maxerr: 8,","    maxlen: 96,","    node: true,","    nomen: true,","    regexp: true,","    stupid: true","*/","(function () {","    'use strict';","    var local;","","","","    // run shared js-env code - pre-init","    (function () {","        // init local","        local = {};","        // init modeJs","        local.modeJs = (function () {","            try {","                return typeof navigator.userAgent === 'string' &&","                    typeof document.querySelector('body') === 'object' &&","                    typeof XMLHttpRequest.prototype.open === 'function' &&","                    'browser';","            } catch (errorCaughtBrowser) {","                return module.exports &&","                    typeof process.versions.node === 'string' &&","                    typeof require('http').createServer === 'function' &&","                    'node';","            }","        }());","        // init global","        local.global = local.modeJs === 'browser'","            ? window","            : global;","        switch (local.modeJs) {","        // re-init local from window.local","        case 'browser':","            local = local.global.utility2.objectSetDefault(","                local.global.utility2_rollup || local.global.local,","                local.global.utility2","            );","            break;","        // re-init local from example.js","        case 'node':","            local = (local.global.utility2_rollup || require('utility2'))","                .requireExampleJsFromReadme();","            break;","        }","        // export local","        local.global.local = local;","    }());","","","","    // run shared js-env code - function","    (function () {","        return;","    }());","    switch (local.modeJs) {","","","","    // run browser js-env code - function","    case 'browser':","        break;","","","","    // run node js-env code - function","    case 'node':","        break;","    }","","","","    // run shared js-env code - post-init","    (function () {","        return;","    }());","    switch (local.modeJs) {","","","","    // run browser js-env code - post-init","    case 'browser':","        // run tests","        local.nop(local.modeTest &&","            document.querySelector('#testRunButton1') &&","            document.querySelector('#testRunButton1').click());","        break;","","","","    // run node js-env code - post-init","    /* istanbul ignore next */","    case 'node':","        local.testCase_buildApidoc_default = local.testCase_buildApidoc_default || function (","            options,","            onError","        ) {","        /*","         * this function will test buildApidoc's default handling-behavior-behavior","         */","            options = { modulePathList: module.paths };","            local.buildApidoc(options, onError);","        };","","        local.testCase_buildApp_default = local.testCase_buildApp_default || function (","            options,","            onError","        ) {","        /*","         * this function will test buildApp's default handling-behavior-behavior","         */","            local.testCase_buildReadme_default(options, local.onErrorThrow);","            local.testCase_buildLib_default(options, local.onErrorThrow);","            local.testCase_buildTest_default(options, local.onErrorThrow);","            options = [];","            local.buildApp(options, onError);","        };","","        local.testCase_buildLib_default = local.testCase_buildLib_default || function (","            options,","            onError","        ) {","        /*","         * this function will test buildLib's default handling-behavior","         */","            options = {};","            local.buildLib(options, onError);","        };","","        local.testCase_buildReadme_default = local.testCase_buildReadme_default || function (","            options,","            onError","        ) {","        /*","         * this function will test buildReadme's default handling-behavior-behavior","         */","            options = {};","            local.buildReadme(options, onError);","        };","","        local.testCase_buildTest_default = local.testCase_buildTest_default || function (","            options,","            onError","        ) {","        /*","         * this function will test buildTest's default handling-behavior","         */","            options = {};","            local.buildTest(options, onError);","        };","","        local.testCase_webpage_default = local.testCase_webpage_default || function (","            options,","            onError","        ) {","        /*","         * this function will test webpage's default handling-behavior","         */","            options = { modeCoverageMerge: true, url: local.serverLocalHost + '?modeTest=1' };","            local.browserTest(options, onError);","        };","","        // run test-server","        local.testRunServer(local);","        break;","    }","}());",""],"l":{"12":2,"14":2,"19":2,"21":2,"23":2,"24":2,"25":2,"30":1,"37":2,"40":2,"43":1,"47":1,"50":1,"52":1,"55":2,"61":2,"62":2,"64":2,"70":1,"76":1,"82":2,"83":2,"85":2,"92":1,"95":1,"102":1,"109":1,"110":1,"113":1,"120":1,"121":1,"122":1,"123":1,"124":1,"127":1,"134":2,"135":2,"138":1,"145":2,"146":2,"149":1,"156":2,"157":2,"160":1,"167":1,"168":1,"172":1,"173":1}},"/home/travis/build/npmtest/node-npmtest-history/lib.npmtest_history.js":{"path":"/home/travis/build/npmtest/node-npmtest-history/lib.npmtest_history.js","s":{"1":2,"2":2,"3":2,"4":2,"5":2,"6":2,"7":2,"8":1,"9":2,"10":2,"11":2,"12":2,"13":1,"14":1,"15":1,"16":1},"b":{"1":[2,1,1,1],"2":[1,1,1,1],"3":[1,1],"4":[2,2],"5":[1,1]},"f":{"1":2,"2":2,"3":2},"fnMap":{"1":{"name":"(anonymous_1)","line":12,"loc":{"start":{"line":12,"column":1},"end":{"line":12,"column":13}}},"2":{"name":"(anonymous_2)","line":19,"loc":{"start":{"line":19,"column":5},"end":{"line":19,"column":17}}},"3":{"name":"(anonymous_3)","line":23,"loc":{"start":{"line":23,"column":24},"end":{"line":23,"column":36}}}},"statementMap":{"1":{"start":{"line":12,"column":0},"end":{"line":53,"column":5}},"2":{"start":{"line":14,"column":4},"end":{"line":14,"column":14}},"3":{"start":{"line":19,"column":4},"end":{"line":52,"column":9}},"4":{"start":{"line":21,"column":8},"end":{"line":21,"column":19}},"5":{"start":{"line":23,"column":8},"end":{"line":35,"column":13}},"6":{"start":{"line":24,"column":12},"end":{"line":34,"column":13}},"7":{"start":{"line":25,"column":16},"end":{"line":28,"column":30}},"8":{"start":{"line":30,"column":16},"end":{"line":33,"column":27}},"9":{"start":{"line":37,"column":8},"end":{"line":39,"column":21}},"10":{"start":{"line":41,"column":8},"end":{"line":41,"column":54}},"11":{"start":{"line":43,"column":8},"end":{"line":43,"column":52}},"12":{"start":{"line":45,"column":8},"end":{"line":51,"column":9}},"13":{"start":{"line":46,"column":12},"end":{"line":46,"column":58}},"14":{"start":{"line":48,"column":12},"end":{"line":48,"column":35}},"15":{"start":{"line":49,"column":12},"end":{"line":49,"column":49}},"16":{"start":{"line":50,"column":12},"end":{"line":50,"column":43}}},"branchMap":{"1":{"line":25,"type":"binary-expr","locations":[{"start":{"line":25,"column":23},"end":{"line":25,"column":62}},{"start":{"line":26,"column":20},"end":{"line":26,"column":70}},{"start":{"line":27,"column":20},"end":{"line":27,"column":71}},{"start":{"line":28,"column":20},"end":{"line":28,"column":29}}]},"2":{"line":30,"type":"binary-expr","locations":[{"start":{"line":30,"column":23},"end":{"line":30,"column":37}},{"start":{"line":31,"column":20},"end":{"line":31,"column":61}},{"start":{"line":32,"column":20},"end":{"line":32,"column":70}},{"start":{"line":33,"column":20},"end":{"line":33,"column":26}}]},"3":{"line":37,"type":"cond-expr","locations":[{"start":{"line":38,"column":14},"end":{"line":38,"column":20}},{"start":{"line":39,"column":14},"end":{"line":39,"column":20}}]},"4":{"line":41,"type":"binary-expr","locations":[{"start":{"line":41,"column":16},"end":{"line":41,"column":44}},{"start":{"line":41,"column":48},"end":{"line":41,"column":53}}]},"5":{"line":45,"type":"if","locations":[{"start":{"line":45,"column":8},"end":{"line":45,"column":8}},{"start":{"line":45,"column":8},"end":{"line":45,"column":8}}]}},"code":["/* istanbul instrument in package npmtest_history */","/*jslint","    bitwise: true,","    browser: true,","    maxerr: 8,","    maxlen: 96,","    node: true,","    nomen: true,","    regexp: true,","    stupid: true","*/","(function () {","    'use strict';","    var local;","","","","    // run shared js-env code - pre-init","    (function () {","        // init local","        local = {};","        // init modeJs","        local.modeJs = (function () {","            try {","                return typeof navigator.userAgent === 'string' &&","                    typeof document.querySelector('body') === 'object' &&","                    typeof XMLHttpRequest.prototype.open === 'function' &&","                    'browser';","            } catch (errorCaughtBrowser) {","                return module.exports &&","                    typeof process.versions.node === 'string' &&","                    typeof require('http').createServer === 'function' &&","                    'node';","            }","        }());","        // init global","        local.global = local.modeJs === 'browser'","            ? window","            : global;","        // init utility2_rollup","        local = local.global.utility2_rollup || local;","        // init lib","        local.local = local.npmtest_history = local;","        // init exports","        if (local.modeJs === 'browser') {","            local.global.utility2_npmtest_history = local;","        } else {","            module.exports = local;","            module.exports.__dirname = __dirname;","            module.exports.module = module;","        }","    }());","}());",""],"l":{"12":2,"14":2,"19":2,"21":2,"23":2,"24":2,"25":2,"30":1,"37":2,"41":2,"43":2,"45":2,"46":1,"48":1,"49":1,"50":1}},"/home/travis/build/npmtest/node-npmtest-history/example.js":{"path":"/home/travis/build/npmtest/node-npmtest-history/example.js","s":{"1":2,"2":2,"3":2,"4":2,"5":2,"6":2,"7":2,"8":1,"9":2,"10":2,"11":2,"12":2,"13":1,"14":2,"15":2,"16":2,"17":2,"18":2,"19":0,"20":2,"21":1,"22":1,"23":1,"24":1,"25":1,"26":0,"27":0,"28":1,"29":1,"30":2,"31":0,"32":0,"33":0,"34":1,"35":2,"36":2,"37":2,"38":2,"39":2,"40":2,"41":0,"42":2,"43":2,"44":2,"45":1,"46":3,"47":1,"48":1,"49":1,"50":1,"51":1,"52":1,"53":1,"54":1,"55":1,"56":1,"57":0,"58":1,"59":6,"60":6,"61":1,"62":2,"63":0,"64":2,"65":1,"66":1,"67":0,"68":0,"69":0,"70":0,"71":0,"72":0,"73":0,"74":0,"75":0,"76":0,"77":0,"78":0,"79":0,"80":0,"81":0,"82":0,"83":0},"b":{"1":[2,1,1,1],"2":[1,1,1,1],"3":[1,1],"4":[2,2],"5":[1,1],"6":[1,1],"7":[2,0],"8":[2,1,1,1,1,1],"9":[0,2,0],"10":[1,1],"11":[2,1,1],"12":[1,0],"13":[0,2],"14":[2,0,0,0,0,0,0],"15":[0,2],"16":[2,0],"17":[1,1],"18":[0,1],"19":[1,2,0,2],"20":[1,0],"21":[1,1],"22":[0,0],"23":[0,0],"24":[0,0],"25":[0,0],"26":[0,0],"27":[0,0],"28":[0,0]},"f":{"1":2,"2":2,"3":2,"4":2,"5":2,"6":2,"7":2,"8":2,"9":3,"10":1,"11":6,"12":0},"fnMap":{"1":{"name":"(anonymous_1)","line":26,"loc":{"start":{"line":26,"column":1},"end":{"line":26,"column":13}}},"2":{"name":"(anonymous_2)","line":33,"loc":{"start":{"line":33,"column":5},"end":{"line":33,"column":17}}},"3":{"name":"(anonymous_3)","line":37,"loc":{"start":{"line":37,"column":24},"end":{"line":37,"column":36}}},"4":{"name":"(anonymous_4)","line":69,"loc":{"start":{"line":69,"column":31},"end":{"line":69,"column":48}},"skip":true},"5":{"name":"(anonymous_5)","line":78,"loc":{"start":{"line":78,"column":26},"end":{"line":78,"column":45}},"skip":true},"6":{"name":"(anonymous_6)","line":123,"loc":{"start":{"line":123,"column":33},"end":{"line":123,"column":48}},"skip":true},"7":{"name":"(anonymous_7)","line":125,"loc":{"start":{"line":125,"column":27},"end":{"line":125,"column":39}},"skip":true},"8":{"name":"(anonymous_8)","line":133,"loc":{"start":{"line":133,"column":59},"end":{"line":133,"column":74}},"skip":true},"9":{"name":"(anonymous_9)","line":143,"loc":{"start":{"line":143,"column":45},"end":{"line":143,"column":62}},"skip":true},"10":{"name":"(anonymous_10)","line":144,"loc":{"start":{"line":144,"column":73},"end":{"line":144,"column":92}},"skip":true},"11":{"name":"(anonymous_11)","line":272,"loc":{"start":{"line":272,"column":51},"end":{"line":272,"column":77}},"skip":true},"12":{"name":"(anonymous_12)","line":314,"loc":{"start":{"line":314,"column":32},"end":{"line":314,"column":61}},"skip":true}},"statementMap":{"1":{"start":{"line":26,"column":0},"end":{"line":325,"column":5}},"2":{"start":{"line":28,"column":4},"end":{"line":28,"column":14}},"3":{"start":{"line":33,"column":4},"end":{"line":60,"column":9}},"4":{"start":{"line":35,"column":8},"end":{"line":35,"column":19}},"5":{"start":{"line":37,"column":8},"end":{"line":49,"column":13}},"6":{"start":{"line":38,"column":12},"end":{"line":48,"column":13}},"7":{"start":{"line":39,"column":16},"end":{"line":42,"column":30}},"8":{"start":{"line":44,"column":16},"end":{"line":47,"column":27}},"9":{"start":{"line":51,"column":8},"end":{"line":53,"column":21}},"10":{"start":{"line":55,"column":8},"end":{"line":57,"column":45}},"11":{"start":{"line":59,"column":8},"end":{"line":59,"column":35}},"12":{"start":{"line":61,"column":4},"end":{"line":324,"column":5}},"13":{"start":{"line":69,"column":8},"end":{"line":121,"column":10},"skip":true},"14":{"start":{"line":70,"column":12},"end":{"line":88,"column":13},"skip":true},"15":{"start":{"line":76,"column":16},"end":{"line":87,"column":19},"skip":true},"16":{"start":{"line":79,"column":20},"end":{"line":86,"column":21},"skip":true},"17":{"start":{"line":82,"column":24},"end":{"line":82,"column":43},"skip":true},"18":{"start":{"line":83,"column":24},"end":{"line":83,"column":30},"skip":true},"19":{"start":{"line":85,"column":24},"end":{"line":85,"column":49},"skip":true},"20":{"start":{"line":89,"column":12},"end":{"line":107,"column":13},"skip":true},"21":{"start":{"line":92,"column":16},"end":{"line":102,"column":17},"skip":true},"22":{"start":{"line":93,"column":20},"end":{"line":93,"column":86},"skip":true},"23":{"start":{"line":94,"column":20},"end":{"line":95,"column":45},"skip":true},"24":{"start":{"line":96,"column":20},"end":{"line":96,"column":42},"skip":true},"25":{"start":{"line":97,"column":20},"end":{"line":97,"column":48},"skip":true},"26":{"start":{"line":100,"column":20},"end":{"line":100,"column":85},"skip":true},"27":{"start":{"line":101,"column":20},"end":{"line":101,"column":96},"skip":true},"28":{"start":{"line":103,"column":16},"end":{"line":103,"column":22},"skip":true},"29":{"start":{"line":106,"column":16},"end":{"line":106,"column":22},"skip":true},"30":{"start":{"line":108,"column":12},"end":{"line":120,"column":13},"skip":true},"31":{"start":{"line":114,"column":16},"end":{"line":119,"column":17},"skip":true},"32":{"start":{"line":116,"column":20},"end":{"line":116,"column":78},"skip":true},"33":{"start":{"line":118,"column":20},"end":{"line":118,"column":53},"skip":true},"34":{"start":{"line":123,"column":8},"end":{"line":141,"column":11},"skip":true},"35":{"start":{"line":124,"column":12},"end":{"line":124,"column":54},"skip":true},"36":{"start":{"line":125,"column":12},"end":{"line":140,"column":14},"skip":true},"37":{"start":{"line":126,"column":16},"end":{"line":126,"column":28},"skip":true},"38":{"start":{"line":127,"column":16},"end":{"line":127,"column":69},"skip":true},"39":{"start":{"line":128,"column":16},"end":{"line":128,"column":75},"skip":true},"40":{"start":{"line":129,"column":16},"end":{"line":131,"column":17},"skip":true},"41":{"start":{"line":130,"column":20},"end":{"line":130,"column":27},"skip":true},"42":{"start":{"line":133,"column":16},"end":{"line":137,"column":36},"skip":true},"43":{"start":{"line":134,"column":20},"end":{"line":136,"column":55},"skip":true},"44":{"start":{"line":139,"column":16},"end":{"line":139,"column":57},"skip":true},"45":{"start":{"line":143,"column":8},"end":{"line":147,"column":11},"skip":true},"46":{"start":{"line":144,"column":12},"end":{"line":146,"column":15},"skip":true},"47":{"start":{"line":145,"column":16},"end":{"line":145,"column":70},"skip":true},"48":{"start":{"line":149,"column":8},"end":{"line":149,"column":31},"skip":true},"49":{"start":{"line":150,"column":8},"end":{"line":150,"column":14},"skip":true},"50":{"start":{"line":158,"column":8},"end":{"line":158,"column":31},"skip":true},"51":{"start":{"line":160,"column":8},"end":{"line":160,"column":33},"skip":true},"52":{"start":{"line":161,"column":8},"end":{"line":161,"column":37},"skip":true},"53":{"start":{"line":162,"column":8},"end":{"line":162,"column":35},"skip":true},"54":{"start":{"line":164,"column":8},"end":{"line":164,"column":50},"skip":true},"55":{"start":{"line":166,"column":8},"end":{"line":256,"column":2},"skip":true},"56":{"start":{"line":258,"column":8},"end":{"line":286,"column":9},"skip":true},"57":{"start":{"line":259,"column":12},"end":{"line":269,"column":14},"skip":true},"58":{"start":{"line":271,"column":12},"end":{"line":285,"column":19},"skip":true},"59":{"start":{"line":274,"column":20},"end":{"line":274,"column":35},"skip":true},"60":{"start":{"line":275,"column":20},"end":{"line":284,"column":21},"skip":true},"61":{"start":{"line":277,"column":24},"end":{"line":277,"column":64},"skip":true},"62":{"start":{"line":279,"column":24},"end":{"line":279,"column":40},"skip":true},"63":{"start":{"line":281,"column":24},"end":{"line":281,"column":40},"skip":true},"64":{"start":{"line":283,"column":24},"end":{"line":283,"column":39},"skip":true},"65":{"start":{"line":288,"column":8},"end":{"line":290,"column":9},"skip":true},"66":{"start":{"line":289,"column":12},"end":{"line":289,"column":18},"skip":true},"67":{"start":{"line":291,"column":8},"end":{"line":293,"column":54},"skip":true},"68":{"start":{"line":294,"column":8},"end":{"line":301,"column":37},"skip":true},"69":{"start":{"line":302,"column":8},"end":{"line":302,"column":82},"skip":true},"70":{"start":{"line":305,"column":8},"end":{"line":307,"column":9},"skip":true},"71":{"start":{"line":306,"column":12},"end":{"line":306,"column":82},"skip":true},"72":{"start":{"line":309,"column":8},"end":{"line":311,"column":9},"skip":true},"73":{"start":{"line":310,"column":12},"end":{"line":310,"column":18},"skip":true},"74":{"start":{"line":312,"column":8},"end":{"line":312,"column":54},"skip":true},"75":{"start":{"line":313,"column":8},"end":{"line":313,"column":69},"skip":true},"76":{"start":{"line":314,"column":8},"end":{"line":322,"column":36},"skip":true},"77":{"start":{"line":315,"column":12},"end":{"line":315,"column":61},"skip":true},"78":{"start":{"line":316,"column":12},"end":{"line":319,"column":13},"skip":true},"79":{"start":{"line":317,"column":16},"end":{"line":317,"column":75},"skip":true},"80":{"start":{"line":318,"column":16},"end":{"line":318,"column":23},"skip":true},"81":{"start":{"line":320,"column":12},"end":{"line":320,"column":38},"skip":true},"82":{"start":{"line":321,"column":12},"end":{"line":321,"column":27},"skip":true},"83":{"start":{"line":323,"column":8},"end":{"line":323,"column":14},"skip":true}},"branchMap":{"1":{"line":39,"type":"binary-expr","locations":[{"start":{"line":39,"column":23},"end":{"line":39,"column":62}},{"start":{"line":40,"column":20},"end":{"line":40,"column":70}},{"start":{"line":41,"column":20},"end":{"line":41,"column":71}},{"start":{"line":42,"column":20},"end":{"line":42,"column":29}}]},"2":{"line":44,"type":"binary-expr","locations":[{"start":{"line":44,"column":23},"end":{"line":44,"column":37}},{"start":{"line":45,"column":20},"end":{"line":45,"column":61}},{"start":{"line":46,"column":20},"end":{"line":46,"column":70}},{"start":{"line":47,"column":20},"end":{"line":47,"column":26}}]},"3":{"line":51,"type":"cond-expr","locations":[{"start":{"line":52,"column":14},"end":{"line":52,"column":20}},{"start":{"line":53,"column":14},"end":{"line":53,"column":20}}]},"4":{"line":55,"type":"binary-expr","locations":[{"start":{"line":55,"column":16},"end":{"line":55,"column":44}},{"start":{"line":55,"column":49},"end":{"line":57,"column":43}}]},"5":{"line":55,"type":"cond-expr","locations":[{"start":{"line":56,"column":14},"end":{"line":56,"column":51}},{"start":{"line":57,"column":14},"end":{"line":57,"column":43}}]},"6":{"line":61,"type":"switch","locations":[{"start":{"line":68,"column":4},"end":{"line":150,"column":14},"skip":true},{"start":{"line":156,"column":4},"end":{"line":323,"column":14},"skip":true}]},"7":{"line":70,"type":"if","locations":[{"start":{"line":70,"column":12},"end":{"line":70,"column":12},"skip":true},{"start":{"line":70,"column":12},"end":{"line":70,"column":12},"skip":true}]},"8":{"line":70,"type":"binary-expr","locations":[{"start":{"line":70,"column":16},"end":{"line":70,"column":22},"skip":true},{"start":{"line":70,"column":27},"end":{"line":70,"column":32},"skip":true},{"start":{"line":71,"column":20},"end":{"line":71,"column":39},"skip":true},{"start":{"line":72,"column":20},"end":{"line":72,"column":49},"skip":true},{"start":{"line":73,"column":20},"end":{"line":73,"column":58},"skip":true},{"start":{"line":74,"column":20},"end":{"line":74,"column":69},"skip":true}]},"9":{"line":79,"type":"switch","locations":[{"start":{"line":80,"column":20},"end":{"line":80,"column":33},"skip":true},{"start":{"line":81,"column":20},"end":{"line":83,"column":30},"skip":true},{"start":{"line":84,"column":20},"end":{"line":85,"column":49},"skip":true}]},"10":{"line":89,"type":"switch","locations":[{"start":{"line":90,"column":12},"end":{"line":103,"column":22},"skip":true},{"start":{"line":105,"column":12},"end":{"line":106,"column":22},"skip":true}]},"11":{"line":89,"type":"binary-expr","locations":[{"start":{"line":89,"column":20},"end":{"line":89,"column":25},"skip":true},{"start":{"line":89,"column":29},"end":{"line":89,"column":48},"skip":true},{"start":{"line":89,"column":52},"end":{"line":89,"column":74},"skip":true}]},"12":{"line":92,"type":"if","locations":[{"start":{"line":92,"column":16},"end":{"line":92,"column":16},"skip":true},{"start":{"line":92,"column":16},"end":{"line":92,"column":16},"skip":true}]},"13":{"line":108,"type":"if","locations":[{"start":{"line":108,"column":12},"end":{"line":108,"column":12},"skip":true},{"start":{"line":108,"column":12},"end":{"line":108,"column":12},"skip":true}]},"14":{"line":108,"type":"binary-expr","locations":[{"start":{"line":108,"column":16},"end":{"line":108,"column":61},"skip":true},{"start":{"line":108,"column":66},"end":{"line":108,"column":72},"skip":true},{"start":{"line":108,"column":77},"end":{"line":108,"column":82},"skip":true},{"start":{"line":109,"column":20},"end":{"line":109,"column":39},"skip":true},{"start":{"line":110,"column":20},"end":{"line":110,"column":49},"skip":true},{"start":{"line":111,"column":20},"end":{"line":111,"column":58},"skip":true},{"start":{"line":112,"column":20},"end":{"line":112,"column":68},"skip":true}]},"15":{"line":129,"type":"if","locations":[{"start":{"line":129,"column":16},"end":{"line":129,"column":16},"skip":true},{"start":{"line":129,"column":16},"end":{"line":129,"column":16},"skip":true}]},"16":{"line":134,"type":"cond-expr","locations":[{"start":{"line":135,"column":26},"end":{"line":135,"column":29},"skip":true},{"start":{"line":136,"column":26},"end":{"line":136,"column":54},"skip":true}]},"17":{"line":164,"type":"binary-expr","locations":[{"start":{"line":164,"column":27},"end":{"line":164,"column":43},"skip":true},{"start":{"line":164,"column":47},"end":{"line":164,"column":49},"skip":true}]},"18":{"line":258,"type":"if","locations":[{"start":{"line":258,"column":8},"end":{"line":258,"column":8},"skip":true},{"start":{"line":258,"column":8},"end":{"line":258,"column":8},"skip":true}]},"19":{"line":275,"type":"switch","locations":[{"start":{"line":276,"column":20},"end":{"line":277,"column":64},"skip":true},{"start":{"line":278,"column":20},"end":{"line":279,"column":40},"skip":true},{"start":{"line":280,"column":20},"end":{"line":281,"column":40},"skip":true},{"start":{"line":282,"column":20},"end":{"line":283,"column":39},"skip":true}]},"20":{"line":288,"type":"if","locations":[{"start":{"line":288,"column":8},"end":{"line":288,"column":8},"skip":true},{"start":{"line":288,"column":8},"end":{"line":288,"column":8},"skip":true}]},"21":{"line":288,"type":"binary-expr","locations":[{"start":{"line":288,"column":12},"end":{"line":288,"column":40},"skip":true},{"start":{"line":288,"column":44},"end":{"line":288,"column":67},"skip":true}]},"22":{"line":292,"type":"binary-expr","locations":[{"start":{"line":292,"column":12},"end":{"line":292,"column":50},"skip":true},{"start":{"line":293,"column":12},"end":{"line":293,"column":53},"skip":true}]},"23":{"line":295,"type":"binary-expr","locations":[{"start":{"line":295,"column":12},"end":{"line":295,"column":65},"skip":true},{"start":{"line":296,"column":12},"end":{"line":301,"column":36},"skip":true}]},"24":{"line":302,"type":"binary-expr","locations":[{"start":{"line":302,"column":43},"end":{"line":302,"column":75},"skip":true},{"start":{"line":302,"column":79},"end":{"line":302,"column":81},"skip":true}]},"25":{"line":305,"type":"if","locations":[{"start":{"line":305,"column":8},"end":{"line":305,"column":8},"skip":true},{"start":{"line":305,"column":8},"end":{"line":305,"column":8},"skip":true}]},"26":{"line":309,"type":"if","locations":[{"start":{"line":309,"column":8},"end":{"line":309,"column":8},"skip":true},{"start":{"line":309,"column":8},"end":{"line":309,"column":8},"skip":true}]},"27":{"line":312,"type":"binary-expr","locations":[{"start":{"line":312,"column":27},"end":{"line":312,"column":43},"skip":true},{"start":{"line":312,"column":47},"end":{"line":312,"column":53},"skip":true}]},"28":{"line":316,"type":"if","locations":[{"start":{"line":316,"column":12},"end":{"line":316,"column":12},"skip":true},{"start":{"line":316,"column":12},"end":{"line":316,"column":12},"skip":true}]}},"code":["/*","example.js","","quickstart example","","instruction","    1. save this script as example.js","    2. run the shell command:","        $ npm install npmtest-history && PORT=8081 node example.js","    3. play with the browser-demo on http://127.0.0.1:8081","*/","","","","/* istanbul instrument in package npmtest_history */","/*jslint","    bitwise: true,","    browser: true,","    maxerr: 8,","    maxlen: 96,","    node: true,","    nomen: true,","    regexp: true,","    stupid: true","*/","(function () {","    'use strict';","    var local;","","","","    // run shared js-env code - pre-init","    (function () {","        // init local","        local = {};","        // init modeJs","        local.modeJs = (function () {","            try {","                return typeof navigator.userAgent === 'string' &&","                    typeof document.querySelector('body') === 'object' &&","                    typeof XMLHttpRequest.prototype.open === 'function' &&","                    'browser';","            } catch (errorCaughtBrowser) {","                return module.exports &&","                    typeof process.versions.node === 'string' &&","                    typeof require('http').createServer === 'function' &&","                    'node';","            }","        }());","        // init global","        local.global = local.modeJs === 'browser'","            ? window","            : global;","        // init utility2_rollup","        local = local.global.utility2_rollup || (local.modeJs === 'browser'","            ? local.global.utility2_npmtest_history","            : global.utility2_moduleExports);","        // export local","        local.global.local = local;","    }());","    switch (local.modeJs) {","","","","    // post-init","    // run browser js-env code - post-init","    /* istanbul ignore next */","    case 'browser':","        local.testRunBrowser = function (event) {","            if (!event || (event &&","                    event.currentTarget &&","                    event.currentTarget.className &&","                    event.currentTarget.className.includes &&","                    event.currentTarget.className.includes('onreset'))) {","                // reset output","                Array.from(","                    document.querySelectorAll('body > .resettable')","                ).forEach(function (element) {","                    switch (element.tagName) {","                    case 'INPUT':","                    case 'TEXTAREA':","                        element.value = '';","                        break;","                    default:","                        element.textContent = '';","                    }","                });","            }","            switch (event && event.currentTarget && event.currentTarget.id) {","            case 'testRunButton1':","                // show tests","                if (document.querySelector('#testReportDiv1').style.display === 'none') {","                    document.querySelector('#testReportDiv1').style.display = 'block';","                    document.querySelector('#testRunButton1').textContent =","                        'hide internal test';","                    local.modeTest = true;","                    local.testRunDefault(local);","                // hide tests","                } else {","                    document.querySelector('#testReportDiv1').style.display = 'none';","                    document.querySelector('#testRunButton1').textContent = 'run internal test';","                }","                break;","            // custom-case","            default:","                break;","            }","            if (document.querySelector('#inputTextareaEval1') && (!event || (event &&","                    event.currentTarget &&","                    event.currentTarget.className &&","                    event.currentTarget.className.includes &&","                    event.currentTarget.className.includes('oneval')))) {","                // try to eval input-code","                try {","                    /*jslint evil: true*/","                    eval(document.querySelector('#inputTextareaEval1').value);","                } catch (errorCaught) {","                    console.error(errorCaught.stack);","                }","            }","        };","        // log stderr and stdout to #outputTextareaStdout1","        ['error', 'log'].forEach(function (key) {","            console[key + '_original'] = console[key];","            console[key] = function () {","                var element;","                console[key + '_original'].apply(console, arguments);","                element = document.querySelector('#outputTextareaStdout1');","                if (!element) {","                    return;","                }","                // append text to #outputTextareaStdout1","                element.value += Array.from(arguments).map(function (arg) {","                    return typeof arg === 'string'","                        ? arg","                        : JSON.stringify(arg, null, 4);","                }).join(' ') + '\\n';","                // scroll textarea to bottom","                element.scrollTop = element.scrollHeight;","            };","        });","        // init event-handling","        ['change', 'click', 'keyup'].forEach(function (event) {","            Array.from(document.querySelectorAll('.on' + event)).forEach(function (element) {","                element.addEventListener(event, local.testRunBrowser);","            });","        });","        // run tests","        local.testRunBrowser();","        break;","","","","    // run node js-env code - post-init","    /* istanbul ignore next */","    case 'node':","        // export local","        module.exports = local;","        // require modules","        local.fs = require('fs');","        local.http = require('http');","        local.url = require('url');","        // init assets","        local.assetsDict = local.assetsDict || {};","        /* jslint-ignore-begin */","        local.assetsDict['/assets.index.template.html'] = '\\","<!doctype html>\\n\\","<html lang=\"en\">\\n\\","<head>\\n\\","<meta charset=\"UTF-8\">\\n\\","<meta name=\"viewport\" content=\"width=device-width, initial-scale=1\">\\n\\","<title>{{env.npm_package_name}} (v{{env.npm_package_version}})</title>\\n\\","<style>\\n\\","/*csslint\\n\\","    box-sizing: false,\\n\\","    universal-selector: false\\n\\","*/\\n\\","* {\\n\\","    box-sizing: border-box;\\n\\","}\\n\\","body {\\n\\","    background: #dde;\\n\\","    font-family: Arial, Helvetica, sans-serif;\\n\\","    margin: 2rem;\\n\\","}\\n\\","body > * {\\n\\","    margin-bottom: 1rem;\\n\\","}\\n\\",".utility2FooterDiv {\\n\\","    margin-top: 20px;\\n\\","    text-align: center;\\n\\","}\\n\\","</style>\\n\\","<style>\\n\\","/*csslint\\n\\","*/\\n\\","textarea {\\n\\","    font-family: monospace;\\n\\","    height: 10rem;\\n\\","    width: 100%;\\n\\","}\\n\\","textarea[readonly] {\\n\\","    background: #ddd;\\n\\","}\\n\\","</style>\\n\\","</head>\\n\\","<body>\\n\\","<!-- utility2-comment\\n\\","<div id=\"ajaxProgressDiv1\" style=\"background: #d00; height: 2px; left: 0; margin: 0; padding: 0; position: fixed; top: 0; transition: background 0.5s, width 1.5s; width: 25%;\"></div>\\n\\","utility2-comment -->\\n\\","<h1>\\n\\","<!-- utility2-comment\\n\\","    <a\\n\\","        {{#if env.npm_package_homepage}}\\n\\","        href=\"{{env.npm_package_homepage}}\"\\n\\","        {{/if env.npm_package_homepage}}\\n\\","        target=\"_blank\"\\n\\","    >\\n\\","utility2-comment -->\\n\\","        {{env.npm_package_name}} (v{{env.npm_package_version}})\\n\\","<!-- utility2-comment\\n\\","    </a>\\n\\","utility2-comment -->\\n\\","</h1>\\n\\","<h3>{{env.npm_package_description}}</h3>\\n\\","<!-- utility2-comment\\n\\","<h4><a download href=\"assets.app.js\">download standalone app</a></h4>\\n\\","<button class=\"onclick onreset\" id=\"testRunButton1\">run internal test</button><br>\\n\\","<div id=\"testReportDiv1\" style=\"display: none;\"></div>\\n\\","utility2-comment -->\\n\\","\\n\\","\\n\\","\\n\\","<label>stderr and stdout</label>\\n\\","<textarea class=\"resettable\" id=\"outputTextareaStdout1\" readonly></textarea>\\n\\","<!-- utility2-comment\\n\\","{{#if isRollup}}\\n\\","<script src=\"assets.app.js\"></script>\\n\\","{{#unless isRollup}}\\n\\","utility2-comment -->\\n\\","<script src=\"assets.utility2.rollup.js\"></script>\\n\\","<script src=\"jsonp.utility2._stateInit?callback=window.utility2._stateInit\"></script>\\n\\","<script src=\"assets.npmtest_history.rollup.js\"></script>\\n\\","<script src=\"assets.example.js\"></script>\\n\\","<script src=\"assets.test.js\"></script>\\n\\","<!-- utility2-comment\\n\\","{{/if isRollup}}\\n\\","utility2-comment -->\\n\\","<div class=\"utility2FooterDiv\">\\n\\","    [ this app was created with\\n\\","    <a href=\"https://github.com/kaizhu256/node-utility2\" target=\"_blank\">utility2</a>\\n\\","    ]\\n\\","</div>\\n\\","</body>\\n\\","</html>\\n\\","';","        /* jslint-ignore-end */","        if (local.templateRender) {","            local.assetsDict['/'] = local.templateRender(","                local.assetsDict['/assets.index.template.html'],","                {","                    env: local.objectSetDefault(local.env, {","                        npm_package_description: 'the greatest app in the world!',","                        npm_package_name: 'my-app',","                        npm_package_nameAlias: 'my_app',","                        npm_package_version: '0.0.1'","                    })","                }","            );","        } else {","            local.assetsDict['/'] = local.assetsDict['/assets.index.template.html']","                .replace((/\\{\\{env\\.(\\w+?)\\}\\}/g), function (match0, match1) {","                    // jslint-hack","                    String(match0);","                    switch (match1) {","                    case 'npm_package_description':","                        return 'the greatest app in the world!';","                    case 'npm_package_name':","                        return 'my-app';","                    case 'npm_package_nameAlias':","                        return 'my_app';","                    case 'npm_package_version':","                        return '0.0.1';","                    }","                });","        }","        // run the cli","        if (local.global.utility2_rollup || module !== require.main) {","            break;","        }","        local.assetsDict['/assets.example.js'] =","            local.assetsDict['/assets.example.js'] ||","            local.fs.readFileSync(__filename, 'utf8');","        local.assetsDict['/assets.npmtest_history.rollup.js'] =","            local.assetsDict['/assets.npmtest_history.rollup.js'] ||","            local.fs.readFileSync(","                // buildCustomOrg-hack","                local.npmtest_history.__dirname +","                    '/lib.npmtest_history.js',","                'utf8'","            ).replace((/^#!/), '//');","        local.assetsDict['/favicon.ico'] = local.assetsDict['/favicon.ico'] || '';","        // if $npm_config_timeout_exit exists,","        // then exit this process after $npm_config_timeout_exit ms","        if (Number(process.env.npm_config_timeout_exit)) {","            setTimeout(process.exit, Number(process.env.npm_config_timeout_exit));","        }","        // start server","        if (local.global.utility2_serverHttp1) {","            break;","        }","        process.env.PORT = process.env.PORT || '8081';","        console.error('server starting on port ' + process.env.PORT);","        local.http.createServer(function (request, response) {","            request.urlParsed = local.url.parse(request.url);","            if (local.assetsDict[request.urlParsed.pathname] !== undefined) {","                response.end(local.assetsDict[request.urlParsed.pathname]);","                return;","            }","            response.statusCode = 404;","            response.end();","        }).listen(process.env.PORT);","        break;","    }","}());",""],"l":{"26":2,"28":2,"33":2,"35":2,"37":2,"38":2,"39":2,"44":1,"51":2,"55":2,"59":2,"61":2,"69":1,"70":2,"76":2,"79":2,"82":2,"83":2,"85":1,"89":2,"92":1,"93":1,"94":1,"96":1,"97":1,"100":1,"101":1,"103":1,"106":1,"108":2,"114":1,"116":1,"118":1,"123":1,"124":2,"125":2,"126":2,"127":2,"128":2,"129":2,"130":1,"133":2,"134":2,"139":2,"143":1,"144":3,"145":1,"149":1,"150":1,"158":1,"160":1,"161":1,"162":1,"164":1,"166":1,"258":1,"259":1,"271":1,"274":6,"275":6,"277":1,"279":2,"281":1,"283":2,"288":1,"289":1,"291":1,"294":1,"302":1,"305":1,"306":1,"309":1,"310":1,"312":1,"313":1,"314":1,"315":1,"316":1,"317":1,"318":1,"320":1,"321":1,"323":1}},"/home/travis/build/npmtest/node-npmtest-history/history/index.js":{"path":"/home/travis/build/npmtest/node-npmtest-history/history/index.js","s":{"1":1,"2":1,"3":1,"4":1,"5":0,"6":1,"7":0,"8":1,"9":1,"10":0,"11":1,"12":0,"13":1,"14":1,"15":1,"16":1,"17":1,"18":1,"19":1,"20":3,"21":1,"22":1,"23":1},"b":{"1":[3,0],"2":[3,3]},"f":{"1":0,"2":0,"3":0,"4":0,"5":3},"fnMap":{"1":{"name":"get","line":10,"loc":{"start":{"line":10,"column":7},"end":{"line":10,"column":22}}},"2":{"name":"get","line":16,"loc":{"start":{"line":16,"column":7},"end":{"line":16,"column":22}}},"3":{"name":"get","line":25,"loc":{"start":{"line":25,"column":7},"end":{"line":25,"column":22}}},"4":{"name":"get","line":31,"loc":{"start":{"line":31,"column":7},"end":{"line":31,"column":22}}},"5":{"name":"_interopRequireDefault","line":48,"loc":{"start":{"line":48,"column":0},"end":{"line":48,"column":37}}}},"statementMap":{"1":{"start":{"line":3,"column":0},"end":{"line":3,"column":26}},"2":{"start":{"line":4,"column":0},"end":{"line":4,"column":193}},"3":{"start":{"line":6,"column":0},"end":{"line":6,"column":48}},"4":{"start":{"line":8,"column":0},"end":{"line":13,"column":3}},"5":{"start":{"line":11,"column":4},"end":{"line":11,"column":41}},"6":{"start":{"line":14,"column":0},"end":{"line":19,"column":3}},"7":{"start":{"line":17,"column":4},"end":{"line":17,"column":44}},"8":{"start":{"line":21,"column":0},"end":{"line":21,"column":40}},"9":{"start":{"line":23,"column":0},"end":{"line":28,"column":3}},"10":{"start":{"line":26,"column":4},"end":{"line":26,"column":32}},"11":{"start":{"line":29,"column":0},"end":{"line":34,"column":3}},"12":{"start":{"line":32,"column":4},"end":{"line":32,"column":33}},"13":{"start":{"line":36,"column":0},"end":{"line":36,"column":63}},"14":{"start":{"line":38,"column":0},"end":{"line":38,"column":76}},"15":{"start":{"line":40,"column":0},"end":{"line":40,"column":57}},"16":{"start":{"line":42,"column":0},"end":{"line":42,"column":70}},"17":{"start":{"line":44,"column":0},"end":{"line":44,"column":61}},"18":{"start":{"line":46,"column":0},"end":{"line":46,"column":74}},"19":{"start":{"line":48,"column":0},"end":{"line":48,"column":95}},"20":{"start":{"line":48,"column":39},"end":{"line":48,"column":93}},"21":{"start":{"line":50,"column":0},"end":{"line":50,"column":62}},"22":{"start":{"line":51,"column":0},"end":{"line":51,"column":56}},"23":{"start":{"line":52,"column":0},"end":{"line":52,"column":60}}},"branchMap":{"1":{"line":48,"type":"cond-expr","locations":[{"start":{"line":48,"column":70},"end":{"line":48,"column":73}},{"start":{"line":48,"column":76},"end":{"line":48,"column":92}}]},"2":{"line":48,"type":"binary-expr","locations":[{"start":{"line":48,"column":46},"end":{"line":48,"column":49}},{"start":{"line":48,"column":53},"end":{"line":48,"column":67}}]}},"code":["'use strict';","","exports.__esModule = true;","exports.createPath = exports.parsePath = exports.locationsAreEqual = exports.createLocation = exports.createMemoryHistory = exports.createHashHistory = exports.createBrowserHistory = undefined;","","var _LocationUtils = require('./LocationUtils');","","Object.defineProperty(exports, 'createLocation', {","  enumerable: true,","  get: function get() {","    return _LocationUtils.createLocation;","  }","});","Object.defineProperty(exports, 'locationsAreEqual', {","  enumerable: true,","  get: function get() {","    return _LocationUtils.locationsAreEqual;","  }","});","","var _PathUtils = require('./PathUtils');","","Object.defineProperty(exports, 'parsePath', {","  enumerable: true,","  get: function get() {","    return _PathUtils.parsePath;","  }","});","Object.defineProperty(exports, 'createPath', {","  enumerable: true,","  get: function get() {","    return _PathUtils.createPath;","  }","});","","var _createBrowserHistory2 = require('./createBrowserHistory');","","var _createBrowserHistory3 = _interopRequireDefault(_createBrowserHistory2);","","var _createHashHistory2 = require('./createHashHistory');","","var _createHashHistory3 = _interopRequireDefault(_createHashHistory2);","","var _createMemoryHistory2 = require('./createMemoryHistory');","","var _createMemoryHistory3 = _interopRequireDefault(_createMemoryHistory2);","","function _interopRequireDefault(obj) { return obj && obj.__esModule ? obj : { default: obj }; }","","exports.createBrowserHistory = _createBrowserHistory3.default;","exports.createHashHistory = _createHashHistory3.default;","exports.createMemoryHistory = _createMemoryHistory3.default;"],"l":{"3":1,"4":1,"6":1,"8":1,"11":0,"14":1,"17":0,"21":1,"23":1,"26":0,"29":1,"32":0,"36":1,"38":1,"40":1,"42":1,"44":1,"46":1,"48":3,"50":1,"51":1,"52":1}},"/home/travis/build/npmtest/node-npmtest-history/history/LocationUtils.js":{"path":"/home/travis/build/npmtest/node-npmtest-history/history/LocationUtils.js","s":{"1":1,"2":1,"3":1,"4":0,"5":0,"6":0,"7":0,"8":0,"9":0,"10":1,"11":1,"12":1,"13":1,"14":1,"15":1,"16":2,"17":1,"18":0,"19":0,"20":0,"21":0,"22":0,"23":0,"24":0,"25":0,"26":0,"27":0,"28":0,"29":0,"30":0,"31":0,"32":0,"33":0,"34":0,"35":0,"36":0,"37":0,"38":0,"39":0,"40":0,"41":0,"42":1,"43":0},"b":{"1":[1,0],"2":[0,0],"3":[1,1],"4":[2,2],"5":[0,0],"6":[0,0],"7":[0,0],"8":[0,0],"9":[0,0],"10":[0,0],"11":[0,0],"12":[0,0],"13":[0,0],"14":[0,0],"15":[0,0],"16":[0,0,0,0,0]},"f":{"1":0,"2":2,"3":0,"4":0},"fnMap":{"1":{"name":"(anonymous_1)","line":6,"loc":{"start":{"line":6,"column":32},"end":{"line":6,"column":50}}},"2":{"name":"_interopRequireDefault","line":18,"loc":{"start":{"line":18,"column":0},"end":{"line":18,"column":37}}},"3":{"name":"createLocation","line":20,"loc":{"start":{"line":20,"column":46},"end":{"line":20,"column":105}}},"4":{"name":"locationsAreEqual","line":61,"loc":{"start":{"line":61,"column":52},"end":{"line":61,"column":85}}}},"statementMap":{"1":{"start":{"line":3,"column":0},"end":{"line":3,"column":26}},"2":{"start":{"line":4,"column":0},"end":{"line":4,"column":63}},"3":{"start":{"line":6,"column":0},"end":{"line":6,"column":257}},"4":{"start":{"line":6,"column":52},"end":{"line":6,"column":239}},"5":{"start":{"line":6,"column":97},"end":{"line":6,"column":123}},"6":{"start":{"line":6,"column":124},"end":{"line":6,"column":237}},"7":{"start":{"line":6,"column":150},"end":{"line":6,"column":235}},"8":{"start":{"line":6,"column":207},"end":{"line":6,"column":233}},"9":{"start":{"line":6,"column":240},"end":{"line":6,"column":254}},"10":{"start":{"line":8,"column":0},"end":{"line":8,"column":51}},"11":{"start":{"line":10,"column":0},"end":{"line":10,"column":65}},"12":{"start":{"line":12,"column":0},"end":{"line":12,"column":41}},"13":{"start":{"line":14,"column":0},"end":{"line":14,"column":55}},"14":{"start":{"line":16,"column":0},"end":{"line":16,"column":40}},"15":{"start":{"line":18,"column":0},"end":{"line":18,"column":95}},"16":{"start":{"line":18,"column":39},"end":{"line":18,"column":93}},"17":{"start":{"line":20,"column":0},"end":{"line":59,"column":2}},"18":{"start":{"line":21,"column":2},"end":{"line":21,"column":24}},"19":{"start":{"line":22,"column":2},"end":{"line":45,"column":3}},"20":{"start":{"line":24,"column":4},"end":{"line":24,"column":47}},"21":{"start":{"line":25,"column":4},"end":{"line":25,"column":27}},"22":{"start":{"line":28,"column":4},"end":{"line":28,"column":34}},"23":{"start":{"line":30,"column":4},"end":{"line":30,"column":64}},"24":{"start":{"line":30,"column":41},"end":{"line":30,"column":64}},"25":{"start":{"line":32,"column":4},"end":{"line":36,"column":5}},"26":{"start":{"line":33,"column":6},"end":{"line":33,"column":85}},"27":{"start":{"line":33,"column":45},"end":{"line":33,"column":85}},"28":{"start":{"line":35,"column":6},"end":{"line":35,"column":27}},"29":{"start":{"line":38,"column":4},"end":{"line":42,"column":5}},"30":{"start":{"line":39,"column":6},"end":{"line":39,"column":79}},"31":{"start":{"line":39,"column":43},"end":{"line":39,"column":79}},"32":{"start":{"line":41,"column":6},"end":{"line":41,"column":25}},"33":{"start":{"line":44,"column":4},"end":{"line":44,"column":84}},"34":{"start":{"line":44,"column":61},"end":{"line":44,"column":84}},"35":{"start":{"line":47,"column":2},"end":{"line":47,"column":21}},"36":{"start":{"line":49,"column":2},"end":{"line":56,"column":3}},"37":{"start":{"line":51,"column":4},"end":{"line":55,"column":5}},"38":{"start":{"line":52,"column":6},"end":{"line":52,"column":51}},"39":{"start":{"line":53,"column":11},"end":{"line":55,"column":5}},"40":{"start":{"line":54,"column":6},"end":{"line":54,"column":102}},"41":{"start":{"line":58,"column":2},"end":{"line":58,"column":18}},"42":{"start":{"line":61,"column":0},"end":{"line":63,"column":2}},"43":{"start":{"line":62,"column":2},"end":{"line":62,"column":147}}},"branchMap":{"1":{"line":6,"type":"binary-expr","locations":[{"start":{"line":6,"column":15},"end":{"line":6,"column":28}},{"start":{"line":6,"column":32},"end":{"line":6,"column":256}}]},"2":{"line":6,"type":"if","locations":[{"start":{"line":6,"column":150},"end":{"line":6,"column":150}},{"start":{"line":6,"column":150},"end":{"line":6,"column":150}}]},"3":{"line":18,"type":"cond-expr","locations":[{"start":{"line":18,"column":70},"end":{"line":18,"column":73}},{"start":{"line":18,"column":76},"end":{"line":18,"column":92}}]},"4":{"line":18,"type":"binary-expr","locations":[{"start":{"line":18,"column":46},"end":{"line":18,"column":49}},{"start":{"line":18,"column":53},"end":{"line":18,"column":67}}]},"5":{"line":22,"type":"if","locations":[{"start":{"line":22,"column":2},"end":{"line":22,"column":2}},{"start":{"line":22,"column":2},"end":{"line":22,"column":2}}]},"6":{"line":30,"type":"if","locations":[{"start":{"line":30,"column":4},"end":{"line":30,"column":4}},{"start":{"line":30,"column":4},"end":{"line":30,"column":4}}]},"7":{"line":32,"type":"if","locations":[{"start":{"line":32,"column":4},"end":{"line":32,"column":4}},{"start":{"line":32,"column":4},"end":{"line":32,"column":4}}]},"8":{"line":33,"type":"if","locations":[{"start":{"line":33,"column":6},"end":{"line":33,"column":6}},{"start":{"line":33,"column":6},"end":{"line":33,"column":6}}]},"9":{"line":38,"type":"if","locations":[{"start":{"line":38,"column":4},"end":{"line":38,"column":4}},{"start":{"line":38,"column":4},"end":{"line":38,"column":4}}]},"10":{"line":39,"type":"if","locations":[{"start":{"line":39,"column":6},"end":{"line":39,"column":6}},{"start":{"line":39,"column":6},"end":{"line":39,"column":6}}]},"11":{"line":44,"type":"if","locations":[{"start":{"line":44,"column":4},"end":{"line":44,"column":4}},{"start":{"line":44,"column":4},"end":{"line":44,"column":4}}]},"12":{"line":44,"type":"binary-expr","locations":[{"start":{"line":44,"column":8},"end":{"line":44,"column":27}},{"start":{"line":44,"column":31},"end":{"line":44,"column":59}}]},"13":{"line":49,"type":"if","locations":[{"start":{"line":49,"column":2},"end":{"line":49,"column":2}},{"start":{"line":49,"column":2},"end":{"line":49,"column":2}}]},"14":{"line":51,"type":"if","locations":[{"start":{"line":51,"column":4},"end":{"line":51,"column":4}},{"start":{"line":51,"column":4},"end":{"line":51,"column":4}}]},"15":{"line":53,"type":"if","locations":[{"start":{"line":53,"column":11},"end":{"line":53,"column":11}},{"start":{"line":53,"column":11},"end":{"line":53,"column":11}}]},"16":{"line":62,"type":"binary-expr","locations":[{"start":{"line":62,"column":9},"end":{"line":62,"column":34}},{"start":{"line":62,"column":38},"end":{"line":62,"column":59}},{"start":{"line":62,"column":63},"end":{"line":62,"column":80}},{"start":{"line":62,"column":84},"end":{"line":62,"column":99}},{"start":{"line":62,"column":103},"end":{"line":62,"column":146}}]}},"code":["'use strict';","","exports.__esModule = true;","exports.locationsAreEqual = exports.createLocation = undefined;","","var _extends = Object.assign || function (target) { for (var i = 1; i < arguments.length; i++) { var source = arguments[i]; for (var key in source) { if (Object.prototype.hasOwnProperty.call(source, key)) { target[key] = source[key]; } } } return target; };","","var _resolvePathname = require('resolve-pathname');","","var _resolvePathname2 = _interopRequireDefault(_resolvePathname);","","var _valueEqual = require('value-equal');","","var _valueEqual2 = _interopRequireDefault(_valueEqual);","","var _PathUtils = require('./PathUtils');","","function _interopRequireDefault(obj) { return obj && obj.__esModule ? obj : { default: obj }; }","","var createLocation = exports.createLocation = function createLocation(path, state, key, currentLocation) {","  var location = void 0;","  if (typeof path === 'string') {","    // Two-arg form: push(path, state)","    location = (0, _PathUtils.parsePath)(path);","    location.state = state;","  } else {","    // One-arg form: push(location)","    location = _extends({}, path);","","    if (location.pathname === undefined) location.pathname = '';","","    if (location.search) {","      if (location.search.charAt(0) !== '?') location.search = '?' + location.search;","    } else {","      location.search = '';","    }","","    if (location.hash) {","      if (location.hash.charAt(0) !== '#') location.hash = '#' + location.hash;","    } else {","      location.hash = '';","    }","","    if (state !== undefined && location.state === undefined) location.state = state;","  }","","  location.key = key;","","  if (currentLocation) {","    // Resolve incomplete/relative pathname relative to current location.","    if (!location.pathname) {","      location.pathname = currentLocation.pathname;","    } else if (location.pathname.charAt(0) !== '/') {","      location.pathname = (0, _resolvePathname2.default)(location.pathname, currentLocation.pathname);","    }","  }","","  return location;","};","","var locationsAreEqual = exports.locationsAreEqual = function locationsAreEqual(a, b) {","  return a.pathname === b.pathname && a.search === b.search && a.hash === b.hash && a.key === b.key && (0, _valueEqual2.default)(a.state, b.state);","};"],"l":{"3":1,"4":1,"6":1,"8":1,"10":1,"12":1,"14":1,"16":1,"18":2,"20":1,"21":0,"22":0,"24":0,"25":0,"28":0,"30":0,"32":0,"33":0,"35":0,"38":0,"39":0,"41":0,"44":0,"47":0,"49":0,"51":0,"52":0,"53":0,"54":0,"58":0,"61":1,"62":0}},"/home/travis/build/npmtest/node-npmtest-history/history/PathUtils.js":{"path":"/home/travis/build/npmtest/node-npmtest-history/history/PathUtils.js","s":{"1":1,"2":1,"3":0,"4":1,"5":0,"6":1,"7":0,"8":1,"9":0,"10":1,"11":0,"12":0,"13":0,"14":0,"15":0,"16":0,"17":0,"18":0,"19":0,"20":0,"21":0,"22":0,"23":0,"24":1,"25":0,"26":0,"27":0,"28":0,"29":0,"30":0,"31":0},"b":{"1":[0,0],"2":[0,0],"3":[0,0],"4":[0,0],"5":[0,0],"6":[0,0],"7":[0,0],"8":[0,0],"9":[0,0],"10":[0,0],"11":[0,0],"12":[0,0],"13":[0,0],"14":[0,0],"15":[0,0],"16":[0,0]},"f":{"1":0,"2":0,"3":0,"4":0,"5":0,"6":0},"fnMap":{"1":{"name":"addLeadingSlash","line":4,"loc":{"start":{"line":4,"column":48},"end":{"line":4,"column":79}}},"2":{"name":"stripLeadingSlash","line":8,"loc":{"start":{"line":8,"column":52},"end":{"line":8,"column":85}}},"3":{"name":"stripPrefix","line":12,"loc":{"start":{"line":12,"column":40},"end":{"line":12,"column":75}}},"4":{"name":"stripTrailingSlash","line":16,"loc":{"start":{"line":16,"column":54},"end":{"line":16,"column":88}}},"5":{"name":"parsePath","line":20,"loc":{"start":{"line":20,"column":36},"end":{"line":20,"column":61}}},"6":{"name":"createPath","line":46,"loc":{"start":{"line":46,"column":38},"end":{"line":46,"column":68}}}},"statementMap":{"1":{"start":{"line":3,"column":0},"end":{"line":3,"column":26}},"2":{"start":{"line":4,"column":0},"end":{"line":6,"column":2}},"3":{"start":{"line":5,"column":2},"end":{"line":5,"column":52}},"4":{"start":{"line":8,"column":0},"end":{"line":10,"column":2}},"5":{"start":{"line":9,"column":2},"end":{"line":9,"column":56}},"6":{"start":{"line":12,"column":0},"end":{"line":14,"column":2}},"7":{"start":{"line":13,"column":2},"end":{"line":13,"column":72}},"8":{"start":{"line":16,"column":0},"end":{"line":18,"column":2}},"9":{"start":{"line":17,"column":2},"end":{"line":17,"column":73}},"10":{"start":{"line":20,"column":0},"end":{"line":44,"column":2}},"11":{"start":{"line":21,"column":2},"end":{"line":21,"column":29}},"12":{"start":{"line":22,"column":2},"end":{"line":22,"column":18}},"13":{"start":{"line":23,"column":2},"end":{"line":23,"column":16}},"14":{"start":{"line":25,"column":2},"end":{"line":25,"column":40}},"15":{"start":{"line":26,"column":2},"end":{"line":29,"column":3}},"16":{"start":{"line":27,"column":4},"end":{"line":27,"column":38}},"17":{"start":{"line":28,"column":4},"end":{"line":28,"column":45}},"18":{"start":{"line":31,"column":2},"end":{"line":31,"column":42}},"19":{"start":{"line":32,"column":2},"end":{"line":35,"column":3}},"20":{"start":{"line":33,"column":4},"end":{"line":33,"column":42}},"21":{"start":{"line":34,"column":4},"end":{"line":34,"column":47}},"22":{"start":{"line":37,"column":2},"end":{"line":37,"column":33}},"23":{"start":{"line":39,"column":2},"end":{"line":43,"column":4}},"24":{"start":{"line":46,"column":0},"end":{"line":59,"column":2}},"25":{"start":{"line":47,"column":2},"end":{"line":49,"column":27}},"26":{"start":{"line":52,"column":2},"end":{"line":52,"column":40}},"27":{"start":{"line":54,"column":2},"end":{"line":54,"column":89}},"28":{"start":{"line":54,"column":32},"end":{"line":54,"column":89}},"29":{"start":{"line":56,"column":2},"end":{"line":56,"column":79}},"30":{"start":{"line":56,"column":28},"end":{"line":56,"column":79}},"31":{"start":{"line":58,"column":2},"end":{"line":58,"column":14}}},"branchMap":{"1":{"line":5,"type":"cond-expr","locations":[{"start":{"line":5,"column":34},"end":{"line":5,"column":38}},{"start":{"line":5,"column":41},"end":{"line":5,"column":51}}]},"2":{"line":9,"type":"cond-expr","locations":[{"start":{"line":9,"column":34},"end":{"line":9,"column":48}},{"start":{"line":9,"column":51},"end":{"line":9,"column":55}}]},"3":{"line":13,"type":"cond-expr","locations":[{"start":{"line":13,"column":38},"end":{"line":13,"column":64}},{"start":{"line":13,"column":67},"end":{"line":13,"column":71}}]},"4":{"line":17,"type":"cond-expr","locations":[{"start":{"line":17,"column":48},"end":{"line":17,"column":65}},{"start":{"line":17,"column":68},"end":{"line":17,"column":72}}]},"5":{"line":21,"type":"binary-expr","locations":[{"start":{"line":21,"column":17},"end":{"line":21,"column":21}},{"start":{"line":21,"column":25},"end":{"line":21,"column":28}}]},"6":{"line":26,"type":"if","locations":[{"start":{"line":26,"column":2},"end":{"line":26,"column":2}},{"start":{"line":26,"column":2},"end":{"line":26,"column":2}}]},"7":{"line":32,"type":"if","locations":[{"start":{"line":32,"column":2},"end":{"line":32,"column":2}},{"start":{"line":32,"column":2},"end":{"line":32,"column":2}}]},"8":{"line":41,"type":"cond-expr","locations":[{"start":{"line":41,"column":29},"end":{"line":41,"column":31}},{"start":{"line":41,"column":34},"end":{"line":41,"column":40}}]},"9":{"line":42,"type":"cond-expr","locations":[{"start":{"line":42,"column":25},"end":{"line":42,"column":27}},{"start":{"line":42,"column":30},"end":{"line":42,"column":34}}]},"10":{"line":52,"type":"binary-expr","locations":[{"start":{"line":52,"column":23},"end":{"line":52,"column":31}},{"start":{"line":52,"column":35},"end":{"line":52,"column":38}}]},"11":{"line":54,"type":"if","locations":[{"start":{"line":54,"column":2},"end":{"line":54,"column":2}},{"start":{"line":54,"column":2},"end":{"line":54,"column":2}}]},"12":{"line":54,"type":"binary-expr","locations":[{"start":{"line":54,"column":6},"end":{"line":54,"column":12}},{"start":{"line":54,"column":16},"end":{"line":54,"column":30}}]},"13":{"line":54,"type":"cond-expr","locations":[{"start":{"line":54,"column":67},"end":{"line":54,"column":73}},{"start":{"line":54,"column":76},"end":{"line":54,"column":88}}]},"14":{"line":56,"type":"if","locations":[{"start":{"line":56,"column":2},"end":{"line":56,"column":2}},{"start":{"line":56,"column":2},"end":{"line":56,"column":2}}]},"15":{"line":56,"type":"binary-expr","locations":[{"start":{"line":56,"column":6},"end":{"line":56,"column":10}},{"start":{"line":56,"column":14},"end":{"line":56,"column":26}}]},"16":{"line":56,"type":"cond-expr","locations":[{"start":{"line":56,"column":61},"end":{"line":56,"column":65}},{"start":{"line":56,"column":68},"end":{"line":56,"column":78}}]}},"code":["'use strict';","","exports.__esModule = true;","var addLeadingSlash = exports.addLeadingSlash = function addLeadingSlash(path) {","  return path.charAt(0) === '/' ? path : '/' + path;","};","","var stripLeadingSlash = exports.stripLeadingSlash = function stripLeadingSlash(path) {","  return path.charAt(0) === '/' ? path.substr(1) : path;","};","","var stripPrefix = exports.stripPrefix = function stripPrefix(path, prefix) {","  return path.indexOf(prefix) === 0 ? path.substr(prefix.length) : path;","};","","var stripTrailingSlash = exports.stripTrailingSlash = function stripTrailingSlash(path) {","  return path.charAt(path.length - 1) === '/' ? path.slice(0, -1) : path;","};","","var parsePath = exports.parsePath = function parsePath(path) {","  var pathname = path || '/';","  var search = '';","  var hash = '';","","  var hashIndex = pathname.indexOf('#');","  if (hashIndex !== -1) {","    hash = pathname.substr(hashIndex);","    pathname = pathname.substr(0, hashIndex);","  }","","  var searchIndex = pathname.indexOf('?');","  if (searchIndex !== -1) {","    search = pathname.substr(searchIndex);","    pathname = pathname.substr(0, searchIndex);","  }","","  pathname = decodeURI(pathname);","","  return {","    pathname: pathname,","    search: search === '?' ? '' : search,","    hash: hash === '#' ? '' : hash","  };","};","","var createPath = exports.createPath = function createPath(location) {","  var pathname = location.pathname,","      search = location.search,","      hash = location.hash;","","","  var path = encodeURI(pathname || '/');","","  if (search && search !== '?') path += search.charAt(0) === '?' ? search : '?' + search;","","  if (hash && hash !== '#') path += hash.charAt(0) === '#' ? hash : '#' + hash;","","  return path;","};"],"l":{"3":1,"4":1,"5":0,"8":1,"9":0,"12":1,"13":0,"16":1,"17":0,"20":1,"21":0,"22":0,"23":0,"25":0,"26":0,"27":0,"28":0,"31":0,"32":0,"33":0,"34":0,"37":0,"39":0,"46":1,"47":0,"52":0,"54":0,"56":0,"58":0}},"/home/travis/build/npmtest/node-npmtest-history/history/createBrowserHistory.js":{"path":"/home/travis/build/npmtest/node-npmtest-history/history/createBrowserHistory.js","s":{"1":1,"2":1,"3":0,"4":0,"5":1,"6":0,"7":0,"8":0,"9":0,"10":0,"11":0,"12":1,"13":1,"14":1,"15":1,"16":1,"17":1,"18":1,"19":1,"20":1,"21":1,"22":3,"23":1,"24":1,"25":1,"26":0,"27":0,"28":0,"29":1,"30":0,"31":0,"32":0,"33":0,"34":0,"35":0,"36":0,"37":0,"38":0,"39":0,"40":0,"41":0,"42":0,"43":0,"44":0,"45":0,"46":0,"47":0,"48":0,"49":0,"50":0,"51":0,"52":0,"53":0,"54":0,"55":0,"56":0,"57":0,"58":0,"59":0,"60":0,"61":0,"62":0,"63":0,"64":0,"65":0,"66":0,"67":0,"68":0,"69":0,"70":0,"71":0,"72":0,"73":0,"74":0,"75":0,"76":0,"77":0,"78":0,"79":0,"80":0,"81":0,"82":0,"83":0,"84":0,"85":0,"86":0,"87":0,"88":0,"89":0,"90":0,"91":0,"92":0,"93":0,"94":0,"95":0,"96":0,"97":0,"98":0,"99":0,"100":0,"101":0,"102":0,"103":0,"104":0,"105":0,"106":0,"107":0,"108":0,"109":0,"110":0,"111":0,"112":0,"113":0,"114":0,"115":0,"116":0,"117":0,"118":0,"119":0,"120":0,"121":0,"122":0,"123":0,"124":0,"125":0,"126":0,"127":0,"128":0,"129":0,"130":0,"131":0,"132":0,"133":0,"134":0,"135":0,"136":0,"137":0,"138":0,"139":0,"140":0,"141":0,"142":0,"143":0,"144":0,"145":0,"146":0,"147":0,"148":0,"149":0,"150":0,"151":0,"152":0,"153":0,"154":0,"155":0,"156":0,"157":0,"158":0,"159":1},"b":{"1":[1,0],"2":[1,1],"3":[0,0],"4":[0,0,0,0],"5":[1,0],"6":[0,0],"7":[1,2],"8":[3,3],"9":[0,0],"10":[0,0],"11":[0,0],"12":[0,0],"13":[0,0],"14":[0,0],"15":[0,0],"16":[0,0],"17":[0,0],"18":[0,0],"19":[0,0],"20":[0,0],"21":[0,0],"22":[0,0],"23":[0,0],"24":[0,0,0],"25":[0,0],"26":[0,0],"27":[0,0],"28":[0,0],"29":[0,0],"30":[0,0,0],"31":[0,0],"32":[0,0],"33":[0,0],"34":[0,0],"35":[0,0],"36":[0,0],"37":[0,0],"38":[0,0],"39":[0,0],"40":[0,0],"41":[0,0],"42":[0,0],"43":[0,0]},"f":{"1":0,"2":0,"3":0,"4":3,"5":0,"6":0,"7":0,"8":0,"9":0,"10":0,"11":0,"12":0,"13":0,"14":0,"15":0,"16":0,"17":0,"18":0,"19":0,"20":0,"21":0,"22":0,"23":0,"24":0,"25":0,"26":0,"27":0},"fnMap":{"1":{"name":"(anonymous_1)","line":5,"loc":{"start":{"line":5,"column":84},"end":{"line":5,"column":99}}},"2":{"name":"(anonymous_2)","line":5,"loc":{"start":{"line":5,"column":124},"end":{"line":5,"column":139}}},"3":{"name":"(anonymous_3)","line":7,"loc":{"start":{"line":7,"column":32},"end":{"line":7,"column":50}}},"4":{"name":"_interopRequireDefault","line":27,"loc":{"start":{"line":27,"column":0},"end":{"line":27,"column":37}}},"5":{"name":"getHistoryState","line":32,"loc":{"start":{"line":32,"column":22},"end":{"line":32,"column":49}}},"6":{"name":"createBrowserHistory","line":46,"loc":{"start":{"line":46,"column":27},"end":{"line":46,"column":59}}},"7":{"name":"getDOMLocation","line":64,"loc":{"start":{"line":64,"column":23},"end":{"line":64,"column":61}}},"8":{"name":"createKey","line":85,"loc":{"start":{"line":85,"column":18},"end":{"line":85,"column":39}}},"9":{"name":"setState","line":91,"loc":{"start":{"line":91,"column":17},"end":{"line":91,"column":46}}},"10":{"name":"handlePopState","line":99,"loc":{"start":{"line":99,"column":23},"end":{"line":99,"column":54}}},"11":{"name":"handleHashChange","line":106,"loc":{"start":{"line":106,"column":25},"end":{"line":106,"column":53}}},"12":{"name":"handlePop","line":112,"loc":{"start":{"line":112,"column":18},"end":{"line":112,"column":47}}},"13":{"name":"(anonymous_13)","line":119,"loc":{"start":{"line":119,"column":83},"end":{"line":119,"column":97}}},"14":{"name":"revertPop","line":129,"loc":{"start":{"line":129,"column":18},"end":{"line":129,"column":51}}},"15":{"name":"createHref","line":157,"loc":{"start":{"line":157,"column":19},"end":{"line":157,"column":49}}},"16":{"name":"push","line":161,"loc":{"start":{"line":161,"column":13},"end":{"line":161,"column":40}}},"17":{"name":"(anonymous_17)","line":167,"loc":{"start":{"line":167,"column":81},"end":{"line":167,"column":95}}},"18":{"name":"replace","line":197,"loc":{"start":{"line":197,"column":16},"end":{"line":197,"column":46}}},"19":{"name":"(anonymous_19)","line":203,"loc":{"start":{"line":203,"column":81},"end":{"line":203,"column":95}}},"20":{"name":"go","line":231,"loc":{"start":{"line":231,"column":11},"end":{"line":231,"column":26}}},"21":{"name":"goBack","line":235,"loc":{"start":{"line":235,"column":15},"end":{"line":235,"column":33}}},"22":{"name":"goForward","line":239,"loc":{"start":{"line":239,"column":18},"end":{"line":239,"column":39}}},"23":{"name":"checkDOMListeners","line":245,"loc":{"start":{"line":245,"column":26},"end":{"line":245,"column":60}}},"24":{"name":"block","line":261,"loc":{"start":{"line":261,"column":14},"end":{"line":261,"column":31}}},"25":{"name":"(anonymous_25)","line":271,"loc":{"start":{"line":271,"column":11},"end":{"line":271,"column":23}}},"26":{"name":"listen","line":281,"loc":{"start":{"line":281,"column":15},"end":{"line":281,"column":41}}},"27":{"name":"(anonymous_27)","line":285,"loc":{"start":{"line":285,"column":11},"end":{"line":285,"column":23}}}},"statementMap":{"1":{"start":{"line":3,"column":0},"end":{"line":3,"column":26}},"2":{"start":{"line":5,"column":0},"end":{"line":5,"column":269}},"3":{"start":{"line":5,"column":101},"end":{"line":5,"column":119}},"4":{"start":{"line":5,"column":141},"end":{"line":5,"column":266}},"5":{"start":{"line":7,"column":0},"end":{"line":7,"column":257}},"6":{"start":{"line":7,"column":52},"end":{"line":7,"column":239}},"7":{"start":{"line":7,"column":97},"end":{"line":7,"column":123}},"8":{"start":{"line":7,"column":124},"end":{"line":7,"column":237}},"9":{"start":{"line":7,"column":150},"end":{"line":7,"column":235}},"10":{"start":{"line":7,"column":207},"end":{"line":7,"column":233}},"11":{"start":{"line":7,"column":240},"end":{"line":7,"column":254}},"12":{"start":{"line":9,"column":0},"end":{"line":9,"column":34}},"13":{"start":{"line":11,"column":0},"end":{"line":11,"column":49}},"14":{"start":{"line":13,"column":0},"end":{"line":13,"column":38}},"15":{"start":{"line":15,"column":0},"end":{"line":15,"column":53}},"16":{"start":{"line":17,"column":0},"end":{"line":17,"column":48}},"17":{"start":{"line":19,"column":0},"end":{"line":19,"column":40}},"18":{"start":{"line":21,"column":0},"end":{"line":21,"column":68}},"19":{"start":{"line":23,"column":0},"end":{"line":23,"column":81}},"20":{"start":{"line":25,"column":0},"end":{"line":25,"column":38}},"21":{"start":{"line":27,"column":0},"end":{"line":27,"column":95}},"22":{"start":{"line":27,"column":39},"end":{"line":27,"column":93}},"23":{"start":{"line":29,"column":0},"end":{"line":29,"column":31}},"24":{"start":{"line":30,"column":0},"end":{"line":30,"column":35}},"25":{"start":{"line":32,"column":0},"end":{"line":40,"column":2}},"26":{"start":{"line":33,"column":2},"end":{"line":39,"column":3}},"27":{"start":{"line":34,"column":4},"end":{"line":34,"column":38}},"28":{"start":{"line":38,"column":4},"end":{"line":38,"column":14}},"29":{"start":{"line":46,"column":0},"end":{"line":306,"column":2}},"30":{"start":{"line":47,"column":2},"end":{"line":47,"column":85}},"31":{"start":{"line":49,"column":2},"end":{"line":49,"column":79}},"32":{"start":{"line":51,"column":2},"end":{"line":51,"column":37}},"33":{"start":{"line":52,"column":2},"end":{"line":52,"column":55}},"34":{"start":{"line":53,"column":2},"end":{"line":53,"column":79}},"35":{"start":{"line":55,"column":2},"end":{"line":60,"column":72}},"36":{"start":{"line":62,"column":2},"end":{"line":62,"column":123}},"37":{"start":{"line":64,"column":2},"end":{"line":83,"column":4}},"38":{"start":{"line":65,"column":4},"end":{"line":67,"column":27}},"39":{"start":{"line":69,"column":4},"end":{"line":72,"column":37}},"40":{"start":{"line":75,"column":4},"end":{"line":75,"column":40}},"41":{"start":{"line":77,"column":4},"end":{"line":77,"column":69}},"42":{"start":{"line":77,"column":18},"end":{"line":77,"column":69}},"43":{"start":{"line":79,"column":4},"end":{"line":82,"column":7}},"44":{"start":{"line":85,"column":2},"end":{"line":87,"column":4}},"45":{"start":{"line":86,"column":4},"end":{"line":86,"column":59}},"46":{"start":{"line":89,"column":2},"end":{"line":89,"column":67}},"47":{"start":{"line":91,"column":2},"end":{"line":97,"column":4}},"48":{"start":{"line":92,"column":4},"end":{"line":92,"column":33}},"49":{"start":{"line":94,"column":4},"end":{"line":94,"column":42}},"50":{"start":{"line":96,"column":4},"end":{"line":96,"column":72}},"51":{"start":{"line":99,"column":2},"end":{"line":104,"column":4}},"52":{"start":{"line":101,"column":4},"end":{"line":101,"column":64}},"53":{"start":{"line":101,"column":57},"end":{"line":101,"column":64}},"54":{"start":{"line":103,"column":4},"end":{"line":103,"column":43}},"55":{"start":{"line":106,"column":2},"end":{"line":108,"column":4}},"56":{"start":{"line":107,"column":4},"end":{"line":107,"column":49}},"57":{"start":{"line":110,"column":2},"end":{"line":110,"column":27}},"58":{"start":{"line":112,"column":2},"end":{"line":127,"column":4}},"59":{"start":{"line":113,"column":4},"end":{"line":126,"column":5}},"60":{"start":{"line":114,"column":6},"end":{"line":114,"column":27}},"61":{"start":{"line":115,"column":6},"end":{"line":115,"column":17}},"62":{"start":{"line":117,"column":6},"end":{"line":117,"column":25}},"63":{"start":{"line":119,"column":6},"end":{"line":125,"column":9}},"64":{"start":{"line":120,"column":8},"end":{"line":124,"column":9}},"65":{"start":{"line":121,"column":10},"end":{"line":121,"column":59}},"66":{"start":{"line":123,"column":10},"end":{"line":123,"column":30}},"67":{"start":{"line":129,"column":2},"end":{"line":150,"column":4}},"68":{"start":{"line":130,"column":4},"end":{"line":130,"column":38}},"69":{"start":{"line":136,"column":4},"end":{"line":136,"column":50}},
[...]
,"41":0,"42":0,"43":0,"44":0,"45":0,"46":0,"47":0,"48":0,"49":0,"50":0,"51":0,"52":0,"53":0,"54":0,"55":0,"56":0,"57":0,"58":0,"59":0,"60":0,"61":0,"62":0,"63":0,"64":0,"65":0,"66":0,"67":0,"68":0,"69":0,"70":0,"71":0,"72":0,"73":0,"74":0,"75":0,"76":0,"77":0,"78":0,"79":0,"80":0,"81":1},"b":{"1":[1,0],"2":[1,1],"3":[0,0],"4":[0,0,0,0],"5":[1,0],"6":[0,0],"7":[1,1],"8":[2,2],"9":[0,0],"10":[0,0],"11":[0,0],"12":[0,0],"13":[0,0],"14":[0,0],"15":[0,0],"16":[0,0,0],"17":[0,0],"18":[0,0],"19":[0,0],"20":[0,0,0],"21":[0,0],"22":[0,0],"23":[0,0],"24":[0,0],"25":[0,0],"26":[0,0]},"f":{"1":0,"2":0,"3":0,"4":2,"5":0,"6":0,"7":0,"8":0,"9":0,"10":0,"11":0,"12":0,"13":0,"14":0,"15":0,"16":0,"17":0,"18":0,"19":0,"20":0},"fnMap":{"1":{"name":"(anonymous_1)","line":5,"loc":{"start":{"line":5,"column":84},"end":{"line":5,"column":99}}},"2":{"name":"(anonymous_2)","line":5,"loc":{"start":{"line":5,"column":124},"end":{"line":5,"column":139}}},"3":{"name":"(anonymous_3)","line":7,"loc":{"start":{"line":7,"column":32},"end":{"line":7,"column":50}}},"4":{"name":"_interopRequireDefault","line":21,"loc":{"start":{"line":21,"column":0},"end":{"line":21,"column":37}}},"5":{"name":"clamp","line":23,"loc":{"start":{"line":23,"column":12},"end":{"line":23,"column":54}}},"6":{"name":"createMemoryHistory","line":30,"loc":{"start":{"line":30,"column":26},"end":{"line":30,"column":57}}},"7":{"name":"setState","line":43,"loc":{"start":{"line":43,"column":17},"end":{"line":43,"column":46}}},"8":{"name":"createKey","line":51,"loc":{"start":{"line":51,"column":18},"end":{"line":51,"column":39}}},"9":{"name":"(anonymous_9)","line":56,"loc":{"start":{"line":56,"column":35},"end":{"line":56,"column":52}}},"10":{"name":"push","line":64,"loc":{"start":{"line":64,"column":13},"end":{"line":64,"column":40}}},"11":{"name":"(anonymous_11)","line":70,"loc":{"start":{"line":70,"column":81},"end":{"line":70,"column":95}}},"12":{"name":"replace","line":92,"loc":{"start":{"line":92,"column":16},"end":{"line":92,"column":46}}},"13":{"name":"(anonymous_13)","line":98,"loc":{"start":{"line":98,"column":81},"end":{"line":98,"column":95}}},"14":{"name":"go","line":107,"loc":{"start":{"line":107,"column":11},"end":{"line":107,"column":26}}},"15":{"name":"(anonymous_15)","line":113,"loc":{"start":{"line":113,"column":81},"end":{"line":113,"column":95}}},"16":{"name":"goBack","line":128,"loc":{"start":{"line":128,"column":15},"end":{"line":128,"column":33}}},"17":{"name":"goForward","line":132,"loc":{"start":{"line":132,"column":18},"end":{"line":132,"column":39}}},"18":{"name":"canGo","line":136,"loc":{"start":{"line":136,"column":14},"end":{"line":136,"column":32}}},"19":{"name":"block","line":141,"loc":{"start":{"line":141,"column":14},"end":{"line":141,"column":31}}},"20":{"name":"listen","line":146,"loc":{"start":{"line":146,"column":15},"end":{"line":146,"column":41}}}},"statementMap":{"1":{"start":{"line":3,"column":0},"end":{"line":3,"column":26}},"2":{"start":{"line":5,"column":0},"end":{"line":5,"column":269}},"3":{"start":{"line":5,"column":101},"end":{"line":5,"column":119}},"4":{"start":{"line":5,"column":141},"end":{"line":5,"column":266}},"5":{"start":{"line":7,"column":0},"end":{"line":7,"column":257}},"6":{"start":{"line":7,"column":52},"end":{"line":7,"column":239}},"7":{"start":{"line":7,"column":97},"end":{"line":7,"column":123}},"8":{"start":{"line":7,"column":124},"end":{"line":7,"column":237}},"9":{"start":{"line":7,"column":150},"end":{"line":7,"column":235}},"10":{"start":{"line":7,"column":207},"end":{"line":7,"column":233}},"11":{"start":{"line":7,"column":240},"end":{"line":7,"column":254}},"12":{"start":{"line":9,"column":0},"end":{"line":9,"column":34}},"13":{"start":{"line":11,"column":0},"end":{"line":11,"column":49}},"14":{"start":{"line":13,"column":0},"end":{"line":13,"column":40}},"15":{"start":{"line":15,"column":0},"end":{"line":15,"column":48}},"16":{"start":{"line":17,"column":0},"end":{"line":17,"column":68}},"17":{"start":{"line":19,"column":0},"end":{"line":19,"column":81}},"18":{"start":{"line":21,"column":0},"end":{"line":21,"column":95}},"19":{"start":{"line":21,"column":39},"end":{"line":21,"column":93}},"20":{"start":{"line":23,"column":0},"end":{"line":25,"column":2}},"21":{"start":{"line":24,"column":2},"end":{"line":24,"column":55}},"22":{"start":{"line":30,"column":0},"end":{"line":168,"column":2}},"23":{"start":{"line":31,"column":2},"end":{"line":31,"column":85}},"24":{"start":{"line":32,"column":2},"end":{"line":38,"column":72}},"25":{"start":{"line":41,"column":2},"end":{"line":41,"column":67}},"26":{"start":{"line":43,"column":2},"end":{"line":49,"column":4}},"27":{"start":{"line":44,"column":4},"end":{"line":44,"column":33}},"28":{"start":{"line":46,"column":4},"end":{"line":46,"column":44}},"29":{"start":{"line":48,"column":4},"end":{"line":48,"column":72}},"30":{"start":{"line":51,"column":2},"end":{"line":53,"column":4}},"31":{"start":{"line":52,"column":4},"end":{"line":52,"column":59}},"32":{"start":{"line":55,"column":2},"end":{"line":55,"column":64}},"33":{"start":{"line":56,"column":2},"end":{"line":58,"column":5}},"34":{"start":{"line":57,"column":4},"end":{"line":57,"column":186}},"35":{"start":{"line":62,"column":2},"end":{"line":62,"column":41}},"36":{"start":{"line":64,"column":2},"end":{"line":90,"column":4}},"37":{"start":{"line":65,"column":4},"end":{"line":65,"column":305}},"38":{"start":{"line":67,"column":4},"end":{"line":67,"column":24}},"39":{"start":{"line":68,"column":4},"end":{"line":68,"column":98}},"40":{"start":{"line":70,"column":4},"end":{"line":89,"column":7}},"41":{"start":{"line":71,"column":6},"end":{"line":71,"column":22}},"42":{"start":{"line":71,"column":15},"end":{"line":71,"column":22}},"43":{"start":{"line":73,"column":6},"end":{"line":73,"column":36}},"44":{"start":{"line":74,"column":6},"end":{"line":74,"column":36}},"45":{"start":{"line":76,"column":6},"end":{"line":76,"column":49}},"46":{"start":{"line":77,"column":6},"end":{"line":81,"column":7}},"47":{"start":{"line":78,"column":8},"end":{"line":78,"column":80}},"48":{"start":{"line":80,"column":8},"end":{"line":80,"column":35}},"49":{"start":{"line":83,"column":6},"end":{"line":88,"column":9}},"50":{"start":{"line":92,"column":2},"end":{"line":105,"column":4}},"51":{"start":{"line":93,"column":4},"end":{"line":93,"column":308}},"52":{"start":{"line":95,"column":4},"end":{"line":95,"column":27}},"53":{"start":{"line":96,"column":4},"end":{"line":96,"column":98}},"54":{"start":{"line":98,"column":4},"end":{"line":104,"column":7}},"55":{"start":{"line":99,"column":6},"end":{"line":99,"column":22}},"56":{"start":{"line":99,"column":15},"end":{"line":99,"column":22}},"57":{"start":{"line":101,"column":6},"end":{"line":101,"column":48}},"58":{"start":{"line":103,"column":6},"end":{"line":103,"column":55}},"59":{"start":{"line":107,"column":2},"end":{"line":126,"column":4}},"60":{"start":{"line":108,"column":4},"end":{"line":108,"column":76}},"61":{"start":{"line":110,"column":4},"end":{"line":110,"column":23}},"62":{"start":{"line":111,"column":4},"end":{"line":111,"column":46}},"63":{"start":{"line":113,"column":4},"end":{"line":125,"column":7}},"64":{"start":{"line":114,"column":6},"end":{"line":124,"column":7}},"65":{"start":{"line":115,"column":8},"end":{"line":119,"column":11}},"66":{"start":{"line":123,"column":8},"end":{"line":123,"column":19}},"67":{"start":{"line":128,"column":2},"end":{"line":130,"column":4}},"68":{"start":{"line":129,"column":4},"end":{"line":129,"column":18}},"69":{"start":{"line":132,"column":2},"end":{"line":134,"column":4}},"70":{"start":{"line":133,"column":4},"end":{"line":133,"column":17}},"71":{"start":{"line":136,"column":2},"end":{"line":139,"column":4}},"72":{"start":{"line":137,"column":4},"end":{"line":137,"column":38}},"73":{"start":{"line":138,"column":4},"end":{"line":138,"column":64}},"74":{"start":{"line":141,"column":2},"end":{"line":144,"column":4}},"75":{"start":{"line":142,"column":4},"end":{"line":142,"column":91}},"76":{"start":{"line":143,"column":4},"end":{"line":143,"column":47}},"77":{"start":{"line":146,"column":2},"end":{"line":148,"column":4}},"78":{"start":{"line":147,"column":4},"end":{"line":147,"column":54}},"79":{"start":{"line":150,"column":2},"end":{"line":165,"column":4}},"80":{"start":{"line":167,"column":2},"end":{"line":167,"column":17}},"81":{"start":{"line":170,"column":0},"end":{"line":170,"column":38}}},"branchMap":{"1":{"line":5,"type":"cond-expr","locations":[{"start":{"line":5,"column":84},"end":{"line":5,"column":121}},{"start":{"line":5,"column":124},"end":{"line":5,"column":268}}]},"2":{"line":5,"type":"binary-expr","locations":[{"start":{"line":5,"column":14},"end":{"line":5,"column":42}},{"start":{"line":5,"column":46},"end":{"line":5,"column":81}}]},"3":{"line":5,"type":"cond-expr","locations":[{"start":{"line":5,"column":244},"end":{"line":5,"column":252}},{"start":{"line":5,"column":255},"end":{"line":5,"column":265}}]},"4":{"line":5,"type":"binary-expr","locations":[{"start":{"line":5,"column":148},"end":{"line":5,"column":151}},{"start":{"line":5,"column":155},"end":{"line":5,"column":183}},{"start":{"line":5,"column":187},"end":{"line":5,"column":213}},{"start":{"line":5,"column":217},"end":{"line":5,"column":241}}]},"5":{"line":7,"type":"binary-expr","locations":[{"start":{"line":7,"column":15},"end":{"line":7,"column":28}},{"start":{"line":7,"column":32},"end":{"line":7,"column":256}}]},"6":{"line":7,"type":"if","locations":[{"start":{"line":7,"column":150},"end":{"line":7,"column":150}},{"start":{"line":7,"column":150},"end":{"line":7,"column":150}}]},"7":{"line":21,"type":"cond-expr","locations":[{"start":{"line":21,"column":70},"end":{"line":21,"column":73}},{"start":{"line":21,"column":76},"end":{"line":21,"column":92}}]},"8":{"line":21,"type":"binary-expr","locations":[{"start":{"line":21,"column":46},"end":{"line":21,"column":49}},{"start":{"line":21,"column":53},"end":{"line":21,"column":67}}]},"9":{"line":31,"type":"cond-expr","locations":[{"start":{"line":31,"column":67},"end":{"line":31,"column":79}},{"start":{"line":31,"column":82},"end":{"line":31,"column":84}}]},"10":{"line":31,"type":"binary-expr","locations":[{"start":{"line":31,"column":14},"end":{"line":31,"column":34}},{"start":{"line":31,"column":38},"end":{"line":31,"column":64}}]},"11":{"line":34,"type":"cond-expr","locations":[{"start":{"line":34,"column":61},"end":{"line":34,"column":66}},{"start":{"line":34,"column":69},"end":{"line":34,"column":90}}]},"12":{"line":36,"type":"cond-expr","locations":[{"start":{"line":36,"column":57},"end":{"line":36,"column":58}},{"start":{"line":36,"column":61},"end":{"line":36,"column":80}}]},"13":{"line":38,"type":"cond-expr","locations":[{"start":{"line":38,"column":51},"end":{"line":38,"column":52}},{"start":{"line":38,"column":55},"end":{"line":38,"column":71}}]},"14":{"line":57,"type":"cond-expr","locations":[{"start":{"line":57,"column":39},"end":{"line":57,"column":104}},{"start":{"line":57,"column":107},"end":{"line":57,"column":185}}]},"15":{"line":57,"type":"binary-expr","locations":[{"start":{"line":57,"column":160},"end":{"line":57,"column":169}},{"start":{"line":57,"column":173},"end":{"line":57,"column":184}}]},"16":{"line":65,"type":"binary-expr","locations":[{"start":{"line":65,"column":29},"end":{"line":65,"column":101}},{"start":{"line":65,"column":105},"end":{"line":65,"column":129}},{"start":{"line":65,"column":133},"end":{"line":65,"column":152}}]},"17":{"line":65,"type":"cond-expr","locations":[{"start":{"line":65,"column":60},"end":{"line":65,"column":71}},{"start":{"line":65,"column":74},"end":{"line":65,"column":87}}]},"18":{"line":71,"type":"if","locations":[{"start":{"line":71,"column":6},"end":{"line":71,"column":6}},{"start":{"line":71,"column":6},"end":{"line":71,"column":6}}]},"19":{"line":77,"type":"if","locations":[{"start":{"line":77,"column":6},"end":{"line":77,"column":6}},{"start":{"line":77,"column":6},"end":{"line":77,"column":6}}]},"20":{"line":93,"type":"binary-expr","locations":[{"start":{"line":93,"column":29},"end":{"line":93,"column":101}},{"start":{"line":93,"column":105},"end":{"line":93,"column":129}},{"start":{"line":93,"column":133},"end":{"line":93,"column":152}}]},"21":{"line":93,"type":"cond-expr","locations":[{"start":{"line":93,"column":60},"end":{"line":93,"column":71}},{"start":{"line":93,"column":74},"end":{"line":93,"column":87}}]},"22":{"line":99,"type":"if","locations":[{"start":{"line":99,"column":6},"end":{"line":99,"column":6}},{"start":{"line":99,"column":6},"end":{"line":99,"column":6}}]},"23":{"line":114,"type":"if","locations":[{"start":{"line":114,"column":6},"end":{"line":114,"column":6}},{"start":{"line":114,"column":6},"end":{"line":114,"column":6}}]},"24":{"line":138,"type":"binary-expr","locations":[{"start":{"line":138,"column":11},"end":{"line":138,"column":25}},{"start":{"line":138,"column":29},"end":{"line":138,"column":63}}]},"25":{"line":142,"type":"cond-expr","locations":[{"start":{"line":142,"column":70},"end":{"line":142,"column":82}},{"start":{"line":142,"column":85},"end":{"line":142,"column":90}}]},"26":{"line":142,"type":"binary-expr","locations":[{"start":{"line":142,"column":17},"end":{"line":142,"column":37}},{"start":{"line":142,"column":41},"end":{"line":142,"column":67}}]}},"code":["'use strict';","","exports.__esModule = true;","","var _typeof = typeof Symbol === \"function\" && typeof Symbol.iterator === \"symbol\" ? function (obj) { return typeof obj; } : function (obj) { return obj && typeof Symbol === \"function\" && obj.constructor === Symbol && obj !== Symbol.prototype ? \"symbol\" : typeof obj; };","","var _extends = Object.assign || function (target) { for (var i = 1; i < arguments.length; i++) { var source = arguments[i]; for (var key in source) { if (Object.prototype.hasOwnProperty.call(source, key)) { target[key] = source[key]; } } } return target; };","","var _warning = require('warning');","","var _warning2 = _interopRequireDefault(_warning);","","var _PathUtils = require('./PathUtils');","","var _LocationUtils = require('./LocationUtils');","","var _createTransitionManager = require('./createTransitionManager');","","var _createTransitionManager2 = _interopRequireDefault(_createTransitionManager);","","function _interopRequireDefault(obj) { return obj && obj.__esModule ? obj : { default: obj }; }","","var clamp = function clamp(n, lowerBound, upperBound) {","  return Math.min(Math.max(n, lowerBound), upperBound);","};","","/**"," * Creates a history object that stores locations in memory."," */","var createMemoryHistory = function createMemoryHistory() {","  var props = arguments.length > 0 && arguments[0] !== undefined ? arguments[0] : {};","  var getUserConfirmation = props.getUserConfirmation,","      _props$initialEntries = props.initialEntries,","      initialEntries = _props$initialEntries === undefined ? ['/'] : _props$initialEntries,","      _props$initialIndex = props.initialIndex,","      initialIndex = _props$initialIndex === undefined ? 0 : _props$initialIndex,","      _props$keyLength = props.keyLength,","      keyLength = _props$keyLength === undefined ? 6 : _props$keyLength;","","","  var transitionManager = (0, _createTransitionManager2.default)();","","  var setState = function setState(nextState) {","    _extends(history, nextState);","","    history.length = history.entries.length;","","    transitionManager.notifyListeners(history.location, history.action);","  };","","  var createKey = function createKey() {","    return Math.random().toString(36).substr(2, keyLength);","  };","","  var index = clamp(initialIndex, 0, initialEntries.length - 1);","  var entries = initialEntries.map(function (entry) {","    return typeof entry === 'string' ? (0, _LocationUtils.createLocation)(entry, undefined, createKey()) : (0, _LocationUtils.createLocation)(entry, undefined, entry.key || createKey());","  });","","  // Public interface","","  var createHref = _PathUtils.createPath;","","  var push = function push(path, state) {","    (0, _warning2.default)(!((typeof path === 'undefined' ? 'undefined' : _typeof(path)) === 'object' && path.state !== undefined && state !== undefined), 'You should avoid providing a 2nd state argument to push when the 1st ' + 'argument is a location-like object that already has state; it is ignored');","","    var action = 'PUSH';","    var location = (0, _LocationUtils.createLocation)(path, state, createKey(), history.location);","","    transitionManager.confirmTransitionTo(location, action, getUserConfirmation, function (ok) {","      if (!ok) return;","","      var prevIndex = history.index;","      var nextIndex = prevIndex + 1;","","      var nextEntries = history.entries.slice(0);","      if (nextEntries.length > nextIndex) {","        nextEntries.splice(nextIndex, nextEntries.length - nextIndex, location);","      } else {","        nextEntries.push(location);","      }","","      setState({","        action: action,","        location: location,","        index: nextIndex,","        entries: nextEntries","      });","    });","  };","","  var replace = function replace(path, state) {","    (0, _warning2.default)(!((typeof path === 'undefined' ? 'undefined' : _typeof(path)) === 'object' && path.state !== undefined && state !== undefined), 'You should avoid providing a 2nd state argument to replace when the 1st ' + 'argument is a location-like object that already has state; it is ignored');","","    var action = 'REPLACE';","    var location = (0, _LocationUtils.createLocation)(path, state, createKey(), history.location);","","    transitionManager.confirmTransitionTo(location, action, getUserConfirmation, function (ok) {","      if (!ok) return;","","      history.entries[history.index] = location;","","      setState({ action: action, location: location });","    });","  };","","  var go = function go(n) {","    var nextIndex = clamp(history.index + n, 0, history.entries.length - 1);","","    var action = 'POP';","    var location = history.entries[nextIndex];","","    transitionManager.confirmTransitionTo(location, action, getUserConfirmation, function (ok) {","      if (ok) {","        setState({","          action: action,","          location: location,","          index: nextIndex","        });","      } else {","        // Mimic the behavior of DOM histories by","        // causing a render after a cancelled POP.","        setState();","      }","    });","  };","","  var goBack = function goBack() {","    return go(-1);","  };","","  var goForward = function goForward() {","    return go(1);","  };","","  var canGo = function canGo(n) {","    var nextIndex = history.index + n;","    return nextIndex >= 0 && nextIndex < history.entries.length;","  };","","  var block = function block() {","    var prompt = arguments.length > 0 && arguments[0] !== undefined ? arguments[0] : false;","    return transitionManager.setPrompt(prompt);","  };","","  var listen = function listen(listener) {","    return transitionManager.appendListener(listener);","  };","","  var history = {","    length: entries.length,","    action: 'POP',","    location: entries[index],","    index: index,","    entries: entries,","    createHref: createHref,","    push: push,","    replace: replace,","    go: go,","    goBack: goBack,","    goForward: goForward,","    canGo: canGo,","    block: block,","    listen: listen","  };","","  return history;","};","","exports.default = createMemoryHistory;"],"l":{"3":1,"5":1,"7":1,"9":1,"11":1,"13":1,"15":1,"17":1,"19":1,"21":2,"23":1,"24":0,"30":1,"31":0,"32":0,"41":0,"43":0,"44":0,"46":0,"48":0,"51":0,"52":0,"55":0,"56":0,"57":0,"62":0,"64":0,"65":0,"67":0,"68":0,"70":0,"71":0,"73":0,"74":0,"76":0,"77":0,"78":0,"80":0,"83":0,"92":0,"93":0,"95":0,"96":0,"98":0,"99":0,"101":0,"103":0,"107":0,"108":0,"110":0,"111":0,"113":0,"114":0,"115":0,"123":0,"128":0,"129":0,"132":0,"133":0,"136":0,"137":0,"138":0,"141":0,"142":0,"143":0,"146":0,"147":0,"150":0,"167":0,"170":1}}}